TpTrace Verbose: 0 : 79928, 1, 2024/09/28, 16:44:31.766, 359498212086125, vstest.console.dll, Version: 17.8.0-release-23523-03 Current process architecture: ARM64
TpTrace Verbose: 0 : 79928, 1, 2024/09/28, 16:44:31.767, 359498213708958, vstest.console.dll, Runtime location: /usr/local/share/dotnet/shared/Microsoft.NETCore.App/8.0.4
TpTrace Verbose: 0 : 79928, 1, 2024/09/28, 16:44:31.769, 359498215444750, vstest.console.dll, Using effective platform:ARM64 effective framework:.NETCoreApp,Version=v1.0
TpTrace Information: 0 : 79928, 1, 2024/09/28, 16:44:31.770, 359498215992458, vstest.console.dll, Using .Net Framework version:.NETCoreApp,Version=v8.0
TpTrace Information: 0 : 79928, 1, 2024/09/28, 16:44:31.770, 359498216154125, vstest.console.dll, InferRunSettingsHelper.IsTestSettingsEnabled: Unable to navigate to RunSettings/MSTest. Current node: RunSettings
TpTrace Verbose: 0 : 79928, 1, 2024/09/28, 16:44:31.772, 359498217962083, vstest.console.dll, CoverletDataCollector in-process codeBase path '/Users/jinx/.nuget/packages/coverlet.collector/6.0.2/build/netstandard2.0/coverlet.collector.dll'
TpTrace Verbose: 0 : 79928, 1, 2024/09/28, 16:44:31.772, 359498218104333, vstest.console.dll, ArtifactProcessingPostProcessModeProcessorExecutor.Initialize: ArtifactProcessingMode.Collect
TpTrace Verbose: 0 : 79928, 1, 2024/09/28, 16:44:31.772, 359498218128750, vstest.console.dll, TestSessionCorrelationIdProcessorModeProcessorExecutor.Initialize: TestSessionCorrelationId '79926_20986ea0-a4f1-4f91-88d4-f64da3f32e3d'
TpTrace Information: 0 : 79928, 1, 2024/09/28, 16:44:31.772, 359498218704958, vstest.console.dll, FilePatternParser: The given file /Users/jinx/Documents/YouTube.NET/backend/YouTube/YouTube.UnitTests/bin/Debug/net8.0/YouTube.UnitTests.dll is a full path.
TpTrace Verbose: 0 : 79928, 1, 2024/09/28, 16:44:31.777, 359498223353250, vstest.console.dll, TestPluginCache.DiscoverTestExtensions: finding test extensions in assemblies ends with: RuntimeProvider.dll TPluginInfo: Microsoft.VisualStudio.TestPlatform.Common.ExtensionFramework.Utilities.TestRuntimePluginInformation TExtension: Microsoft.VisualStudio.TestPlatform.ObjectModel.Host.ITestRuntimeProvider
TpTrace Verbose: 0 : 79928, 1, 2024/09/28, 16:44:31.777, 359498223738375, vstest.console.dll, TestPluginCache.GetExtensionPaths: Filtered extension paths: 
TpTrace Verbose: 0 : 79928, 1, 2024/09/28, 16:44:31.778, 359498223778583, vstest.console.dll, TestPluginCache.GetExtensionPaths: Added default extension paths: /usr/local/share/dotnet/sdk/8.0.100/Extensions/Microsoft.VisualStudio.TestPlatform.Extensions.Trx.TestLogger.dll
/usr/local/share/dotnet/sdk/8.0.100/Extensions/Microsoft.Diagnostics.NETCore.Client.dll
/usr/local/share/dotnet/sdk/8.0.100/Extensions/Microsoft.TestPlatform.Extensions.BlameDataCollector.dll
/usr/local/share/dotnet/sdk/8.0.100/Extensions/Microsoft.TestPlatform.TestHostRuntimeProvider.dll
/usr/local/share/dotnet/sdk/8.0.100/Extensions/Microsoft.TestPlatform.Extensions.EventLogCollector.dll
/usr/local/share/dotnet/sdk/8.0.100/Extensions/Microsoft.VisualStudio.TestPlatform.Extensions.Html.TestLogger.dll
TpTrace Verbose: 0 : 79928, 1, 2024/09/28, 16:44:31.778, 359498223791708, vstest.console.dll, TestPluginCache.GetExtensionPaths: Added unfilterableExtensionPaths: 
TpTrace Information: 0 : 79928, 1, 2024/09/28, 16:44:31.778, 359498223996333, vstest.console.dll, AssemblyResolver.ctor: Creating AssemblyResolver with searchDirectories /usr/local/share/dotnet/sdk/8.0.100/Extensions,/usr/local/share/dotnet/sdk/8.0.100
TpTrace Verbose: 0 : 79928, 1, 2024/09/28, 16:44:31.778, 359498224285083, vstest.console.dll, TestPluginCache.DiscoverTestExtensions: Discovering the extensions using extension path.
TpTrace Verbose: 0 : 79928, 1, 2024/09/28, 16:44:31.778, 359498224317666, vstest.console.dll, TestPluginCache.GetExtensionPaths: Filtered extension paths: 
TpTrace Verbose: 0 : 79928, 1, 2024/09/28, 16:44:31.778, 359498224329416, vstest.console.dll, TestPluginCache.GetExtensionPaths: Added default extension paths: /usr/local/share/dotnet/sdk/8.0.100/Extensions/Microsoft.VisualStudio.TestPlatform.Extensions.Trx.TestLogger.dll
/usr/local/share/dotnet/sdk/8.0.100/Extensions/Microsoft.Diagnostics.NETCore.Client.dll
/usr/local/share/dotnet/sdk/8.0.100/Extensions/Microsoft.TestPlatform.Extensions.BlameDataCollector.dll
/usr/local/share/dotnet/sdk/8.0.100/Extensions/Microsoft.TestPlatform.TestHostRuntimeProvider.dll
/usr/local/share/dotnet/sdk/8.0.100/Extensions/Microsoft.TestPlatform.Extensions.EventLogCollector.dll
/usr/local/share/dotnet/sdk/8.0.100/Extensions/Microsoft.VisualStudio.TestPlatform.Extensions.Html.TestLogger.dll
TpTrace Verbose: 0 : 79928, 1, 2024/09/28, 16:44:31.778, 359498224344958, vstest.console.dll, TestPluginCache.GetExtensionPaths: Added unfilterableExtensionPaths: 
TpTrace Verbose: 0 : 79928, 1, 2024/09/28, 16:44:31.778, 359498224365458, vstest.console.dll, TestPluginCache.DiscoverTestExtensions: Discovering the extensions using allExtensionPaths: /usr/local/share/dotnet/sdk/8.0.100/Extensions/Microsoft.VisualStudio.TestPlatform.Extensions.Trx.TestLogger.dll
/usr/local/share/dotnet/sdk/8.0.100/Extensions/Microsoft.Diagnostics.NETCore.Client.dll
/usr/local/share/dotnet/sdk/8.0.100/Extensions/Microsoft.TestPlatform.Extensions.BlameDataCollector.dll
/usr/local/share/dotnet/sdk/8.0.100/Extensions/Microsoft.TestPlatform.TestHostRuntimeProvider.dll
/usr/local/share/dotnet/sdk/8.0.100/Extensions/Microsoft.TestPlatform.Extensions.EventLogCollector.dll
/usr/local/share/dotnet/sdk/8.0.100/Extensions/Microsoft.VisualStudio.TestPlatform.Extensions.Html.TestLogger.dll
TpTrace Information: 0 : 79928, 1, 2024/09/28, 16:44:31.778, 359498224393833, vstest.console.dll, AssemblyResolver.AddSearchDirectories: Adding more searchDirectories /usr/local/share/dotnet/sdk/8.0.100/Extensions,/usr/local/share/dotnet/sdk/8.0.100
TpTrace Information: 0 : 79928, 1, 2024/09/28, 16:44:31.778, 359498224407750, vstest.console.dll, AssemblyResolver.AddSearchDirectories: Adding more searchDirectories /usr/local/share/dotnet/sdk/8.0.100/Extensions,/usr/local/share/dotnet/sdk/8.0.100
TpTrace Information: 0 : 79928, 1, 2024/09/28, 16:44:31.778, 359498224417125, vstest.console.dll, AssemblyResolver.AddSearchDirectories: Adding more searchDirectories /usr/local/share/dotnet/sdk/8.0.100/Extensions,/usr/local/share/dotnet/sdk/8.0.100
TpTrace Information: 0 : 79928, 1, 2024/09/28, 16:44:31.778, 359498224423708, vstest.console.dll, AssemblyResolver.AddSearchDirectories: Adding more searchDirectories /usr/local/share/dotnet/sdk/8.0.100/Extensions,/usr/local/share/dotnet/sdk/8.0.100
TpTrace Information: 0 : 79928, 1, 2024/09/28, 16:44:31.778, 359498224430000, vstest.console.dll, AssemblyResolver.AddSearchDirectories: Adding more searchDirectories /usr/local/share/dotnet/sdk/8.0.100/Extensions,/usr/local/share/dotnet/sdk/8.0.100
TpTrace Information: 0 : 79928, 1, 2024/09/28, 16:44:31.778, 359498224436583, vstest.console.dll, AssemblyResolver.AddSearchDirectories: Adding more searchDirectories /usr/local/share/dotnet/sdk/8.0.100/Extensions,/usr/local/share/dotnet/sdk/8.0.100
TpTrace Information: 0 : 79928, 1, 2024/09/28, 16:44:31.778, 359498224555916, vstest.console.dll, AssemblyResolver.OnResolve: Microsoft.VisualStudio.TestPlatform.Extensions.Trx.TestLogger: Resolving assembly.
TpTrace Information: 0 : 79928, 1, 2024/09/28, 16:44:31.778, 359498224577583, vstest.console.dll, AssemblyResolver.OnResolve: Microsoft.VisualStudio.TestPlatform.Extensions.Trx.TestLogger: Searching in: '/usr/local/share/dotnet/sdk/8.0.100/Extensions'.
TpTrace Information: 0 : 79928, 1, 2024/09/28, 16:44:31.782, 359498228040666, vstest.console.dll, AssemblyResolver.OnResolve: Microsoft.VisualStudio.TestPlatform.Extensions.Trx.TestLogger: Loading assembly '/usr/local/share/dotnet/sdk/8.0.100/Extensions/Microsoft.VisualStudio.TestPlatform.Extensions.Trx.TestLogger.dll'.
TpTrace Information: 0 : 79928, 1, 2024/09/28, 16:44:31.782, 359498228492625, vstest.console.dll, AssemblyResolver.OnResolve: Resolved assembly: Microsoft.VisualStudio.TestPlatform.Extensions.Trx.TestLogger, from path: /usr/local/share/dotnet/sdk/8.0.100/Extensions/Microsoft.VisualStudio.TestPlatform.Extensions.Trx.TestLogger.dll
TpTrace Verbose: 0 : 79928, 1, 2024/09/28, 16:44:31.785, 359498230979791, vstest.console.dll, MetadataReaderExtensionsHelper: Discovering extensions inside assembly 'Microsoft.VisualStudio.TestPlatform.Extensions.Trx.TestLogger, Version=15.0.0.0, Culture=neutral, PublicKeyToken=b03f5f7f11d50a3a' file path '/usr/local/share/dotnet/sdk/8.0.100/Extensions/Microsoft.VisualStudio.TestPlatform.Extensions.Trx.TestLogger.dll'
TpTrace Information: 0 : 79928, 1, 2024/09/28, 16:44:31.786, 359498232051666, vstest.console.dll, AssemblyResolver.OnResolve: Microsoft.Diagnostics.NETCore.Client: Resolving assembly.
TpTrace Information: 0 : 79928, 1, 2024/09/28, 16:44:31.786, 359498232075375, vstest.console.dll, AssemblyResolver.OnResolve: Microsoft.Diagnostics.NETCore.Client: Searching in: '/usr/local/share/dotnet/sdk/8.0.100/Extensions'.
TpTrace Information: 0 : 79928, 1, 2024/09/28, 16:44:31.787, 359498232937958, vstest.console.dll, AssemblyResolver.OnResolve: Microsoft.Diagnostics.NETCore.Client: Loading assembly '/usr/local/share/dotnet/sdk/8.0.100/Extensions/Microsoft.Diagnostics.NETCore.Client.dll'.
TpTrace Information: 0 : 79928, 1, 2024/09/28, 16:44:31.788, 359498234158875, vstest.console.dll, AssemblyResolver.OnResolve: Resolved assembly: Microsoft.Diagnostics.NETCore.Client, from path: /usr/local/share/dotnet/sdk/8.0.100/Extensions/Microsoft.Diagnostics.NETCore.Client.dll
TpTrace Verbose: 0 : 79928, 1, 2024/09/28, 16:44:31.788, 359498234194375, vstest.console.dll, MetadataReaderExtensionsHelper: Discovering extensions inside assembly 'Microsoft.Diagnostics.NETCore.Client, Version=0.2.8.21101, Culture=neutral, PublicKeyToken=31bf3856ad364e35' file path '/usr/local/share/dotnet/sdk/8.0.100/Extensions/Microsoft.Diagnostics.NETCore.Client.dll'
TpTrace Information: 0 : 79928, 1, 2024/09/28, 16:44:31.789, 359498235564333, vstest.console.dll, AssemblyResolver.OnResolve: Microsoft.Bcl.AsyncInterfaces: Resolving assembly.
TpTrace Information: 0 : 79928, 1, 2024/09/28, 16:44:31.789, 359498235585208, vstest.console.dll, AssemblyResolver.OnResolve: Microsoft.Bcl.AsyncInterfaces: Searching in: '/usr/local/share/dotnet/sdk/8.0.100/Extensions'.
TpTrace Information: 0 : 79928, 1, 2024/09/28, 16:44:31.789, 359498235599041, vstest.console.dll, AssemblyResolver.OnResolve: Microsoft.Bcl.AsyncInterfaces: Assembly path does not exist: '/usr/local/share/dotnet/sdk/8.0.100/Extensions/Microsoft.Bcl.AsyncInterfaces.dll', returning.
TpTrace Information: 0 : 79928, 1, 2024/09/28, 16:44:31.789, 359498235608541, vstest.console.dll, AssemblyResolver.OnResolve: Microsoft.Bcl.AsyncInterfaces: Assembly path does not exist: '/usr/local/share/dotnet/sdk/8.0.100/Extensions/Microsoft.Bcl.AsyncInterfaces.exe', returning.
TpTrace Information: 0 : 79928, 1, 2024/09/28, 16:44:31.789, 359498235614875, vstest.console.dll, AssemblyResolver.OnResolve: Microsoft.Bcl.AsyncInterfaces: Searching in: '/usr/local/share/dotnet/sdk/8.0.100'.
TpTrace Information: 0 : 79928, 1, 2024/09/28, 16:44:31.789, 359498235622208, vstest.console.dll, AssemblyResolver.OnResolve: Microsoft.Bcl.AsyncInterfaces: Assembly path does not exist: '/usr/local/share/dotnet/sdk/8.0.100/Microsoft.Bcl.AsyncInterfaces.dll', returning.
TpTrace Information: 0 : 79928, 1, 2024/09/28, 16:44:31.789, 359498235629916, vstest.console.dll, AssemblyResolver.OnResolve: Microsoft.Bcl.AsyncInterfaces: Assembly path does not exist: '/usr/local/share/dotnet/sdk/8.0.100/Microsoft.Bcl.AsyncInterfaces.exe', returning.
TpTrace Information: 0 : 79928, 1, 2024/09/28, 16:44:31.789, 359498235635666, vstest.console.dll, AssemblyResolver.OnResolve: Microsoft.Bcl.AsyncInterfaces: Failed to load assembly.
TpTrace Verbose: 0 : 79928, 1, 2024/09/28, 16:44:31.789, 359498235645041, vstest.console.dll, CurrentDomainAssemblyResolve: Resolving assembly 'Microsoft.Bcl.AsyncInterfaces'.
TpTrace Information: 0 : 79928, 1, 2024/09/28, 16:44:31.789, 359498235660125, vstest.console.dll, AssemblyResolver.OnResolve: Microsoft.Bcl.AsyncInterfaces: Resolving assembly.
TpTrace Information: 0 : 79928, 1, 2024/09/28, 16:44:31.789, 359498235669250, vstest.console.dll, AssemblyResolver.OnResolve: Microsoft.Bcl.AsyncInterfaces: Resolved from cache.
TpTrace Verbose: 0 : 79928, 1, 2024/09/28, 16:44:31.789, 359498235686500, vstest.console.dll, CurrentDomainAssemblyResolve: Resolving assembly 'Microsoft.Bcl.AsyncInterfaces'.
TpTrace Verbose: 0 : 79928, 1, 2024/09/28, 16:44:31.789, 359498235695500, vstest.console.dll, CurrentDomainAssemblyResolve: Failed to resolve assembly 'Microsoft.Bcl.AsyncInterfaces'.
TpTrace Verbose: 0 : 79928, 1, 2024/09/28, 16:44:31.790, 359498235797458, vstest.console.dll, CurrentDomainAssemblyResolve: Failed to resolve assembly 'Microsoft.Bcl.AsyncInterfaces'.
TpTrace Warning: 0 : 79928, 1, 2024/09/28, 16:44:31.795, 359498241488333, vstest.console.dll, TestPluginDiscoverer: Failed to get types from assembly 'Microsoft.Diagnostics.NETCore.Client, Version=0.2.8.21101, Culture=neutral, PublicKeyToken=31bf3856ad364e35'. Error: System.Reflection.ReflectionTypeLoadException: Unable to load one or more of the requested types.
Could not load file or assembly 'Microsoft.Bcl.AsyncInterfaces, Version=1.0.0.0, Culture=neutral, PublicKeyToken=cc7b13ffcd2ddd51'. The system cannot find the file specified.

   at System.Reflection.RuntimeModule.GetTypes(RuntimeModule module)
   at System.Reflection.RuntimeModule.GetTypes()
   at Microsoft.VisualStudio.TestPlatform.Common.ExtensionFramework.TestPluginDiscoverer.GetTestExtensionsFromAssembly[TPluginInfo,TExtension](Assembly assembly, Dictionary`2 pluginInfos, String filePath) in /_/src/Microsoft.TestPlatform.Common/ExtensionFramework/TestPluginDiscoverer.cs:line 158
System.IO.FileNotFoundException: Could not load file or assembly 'Microsoft.Bcl.AsyncInterfaces, Version=1.0.0.0, Culture=neutral, PublicKeyToken=cc7b13ffcd2ddd51'. The system cannot find the file specified.

File name: 'Microsoft.Bcl.AsyncInterfaces, Version=1.0.0.0, Culture=neutral, PublicKeyToken=cc7b13ffcd2ddd51'
 ---> System.IO.FileNotFoundException: Could not load file or assembly 'Microsoft.Bcl.AsyncInterfaces, Culture=neutral, PublicKeyToken=null'. The system cannot find the file specified.

File name: 'Microsoft.Bcl.AsyncInterfaces, Culture=neutral, PublicKeyToken=null'
   at System.Reflection.RuntimeAssembly.InternalLoad(AssemblyName assemblyName, StackCrawlMark& stackMark, AssemblyLoadContext assemblyLoadContext, RuntimeAssembly requestingAssembly, Boolean throwOnFileNotFound)
   at System.Reflection.Assembly.Load(AssemblyName assemblyRef)
   at Microsoft.VisualStudio.TestPlatform.Common.ExtensionFramework.TestPluginCache.CurrentDomainAssemblyResolve(Object sender, AssemblyResolveEventArgs args) in /_/src/Microsoft.TestPlatform.Common/ExtensionFramework/TestPluginCache.cs:line 513
   at System.Runtime.Loader.AssemblyLoadContext.GetFirstResolvedAssemblyFromResolvingEvent(AssemblyName assemblyName)
   at System.Runtime.Loader.AssemblyLoadContext.ResolveUsingEvent(AssemblyName assemblyName)
   at System.Runtime.Loader.AssemblyLoadContext.ResolveUsingResolvingEvent(IntPtr gchManagedAssemblyLoadContext, AssemblyName assemblyName)
TpTrace Warning: 0 : 79928, 1, 2024/09/28, 16:44:31.795, 359498241723916, vstest.console.dll, LoaderExceptions: System.IO.FileNotFoundException: Could not load file or assembly 'Microsoft.Bcl.AsyncInterfaces, Version=1.0.0.0, Culture=neutral, PublicKeyToken=cc7b13ffcd2ddd51'. The system cannot find the file specified.

File name: 'Microsoft.Bcl.AsyncInterfaces, Version=1.0.0.0, Culture=neutral, PublicKeyToken=cc7b13ffcd2ddd51'
 ---> System.IO.FileNotFoundException: Could not load file or assembly 'Microsoft.Bcl.AsyncInterfaces, Culture=neutral, PublicKeyToken=null'. The system cannot find the file specified.

File name: 'Microsoft.Bcl.AsyncInterfaces, Culture=neutral, PublicKeyToken=null'
   at System.Reflection.RuntimeAssembly.InternalLoad(AssemblyName assemblyName, StackCrawlMark& stackMark, AssemblyLoadContext assemblyLoadContext, RuntimeAssembly requestingAssembly, Boolean throwOnFileNotFound)
   at System.Reflection.Assembly.Load(AssemblyName assemblyRef)
   at Microsoft.VisualStudio.TestPlatform.Common.ExtensionFramework.TestPluginCache.CurrentDomainAssemblyResolve(Object sender, AssemblyResolveEventArgs args) in /_/src/Microsoft.TestPlatform.Common/ExtensionFramework/TestPluginCache.cs:line 513
   at System.Runtime.Loader.AssemblyLoadContext.GetFirstResolvedAssemblyFromResolvingEvent(AssemblyName assemblyName)
   at System.Runtime.Loader.AssemblyLoadContext.ResolveUsingEvent(AssemblyName assemblyName)
   at System.Runtime.Loader.AssemblyLoadContext.ResolveUsingResolvingEvent(IntPtr gchManagedAssemblyLoadContext, AssemblyName assemblyName)
TpTrace Information: 0 : 79928, 1, 2024/09/28, 16:44:31.796, 359498241811000, vstest.console.dll, AssemblyResolver.OnResolve: Microsoft.TestPlatform.Extensions.BlameDataCollector: Resolving assembly.
TpTrace Information: 0 : 79928, 1, 2024/09/28, 16:44:31.796, 359498241839333, vstest.console.dll, AssemblyResolver.OnResolve: Microsoft.TestPlatform.Extensions.BlameDataCollector: Searching in: '/usr/local/share/dotnet/sdk/8.0.100/Extensions'.
TpTrace Information: 0 : 79928, 1, 2024/09/28, 16:44:31.796, 359498242248916, vstest.console.dll, AssemblyResolver.OnResolve: Microsoft.TestPlatform.Extensions.BlameDataCollector: Loading assembly '/usr/local/share/dotnet/sdk/8.0.100/Extensions/Microsoft.TestPlatform.Extensions.BlameDataCollector.dll'.
TpTrace Information: 0 : 79928, 1, 2024/09/28, 16:44:31.797, 359498243087041, vstest.console.dll, AssemblyResolver.OnResolve: Resolved assembly: Microsoft.TestPlatform.Extensions.BlameDataCollector, from path: /usr/local/share/dotnet/sdk/8.0.100/Extensions/Microsoft.TestPlatform.Extensions.BlameDataCollector.dll
TpTrace Verbose: 0 : 79928, 1, 2024/09/28, 16:44:31.797, 359498243117541, vstest.console.dll, MetadataReaderExtensionsHelper: Discovering extensions inside assembly 'Microsoft.TestPlatform.Extensions.BlameDataCollector, Version=15.0.0.0, Culture=neutral, PublicKeyToken=b03f5f7f11d50a3a' file path '/usr/local/share/dotnet/sdk/8.0.100/Extensions/Microsoft.TestPlatform.Extensions.BlameDataCollector.dll'
TpTrace Information: 0 : 79928, 1, 2024/09/28, 16:44:31.797, 359498243505250, vstest.console.dll, AssemblyResolver.OnResolve: Microsoft.TestPlatform.TestHostRuntimeProvider: Resolving assembly.
TpTrace Information: 0 : 79928, 1, 2024/09/28, 16:44:31.797, 359498243521750, vstest.console.dll, AssemblyResolver.OnResolve: Microsoft.TestPlatform.TestHostRuntimeProvider: Searching in: '/usr/local/share/dotnet/sdk/8.0.100/Extensions'.
TpTrace Information: 0 : 79928, 1, 2024/09/28, 16:44:31.798, 359498243871041, vstest.console.dll, AssemblyResolver.OnResolve: Microsoft.TestPlatform.TestHostRuntimeProvider: Loading assembly '/usr/local/share/dotnet/sdk/8.0.100/Extensions/Microsoft.TestPlatform.TestHostRuntimeProvider.dll'.
TpTrace Information: 0 : 79928, 1, 2024/09/28, 16:44:31.798, 359498244015416, vstest.console.dll, AssemblyResolver.OnResolve: Resolved assembly: Microsoft.TestPlatform.TestHostRuntimeProvider, from path: /usr/local/share/dotnet/sdk/8.0.100/Extensions/Microsoft.TestPlatform.TestHostRuntimeProvider.dll
TpTrace Verbose: 0 : 79928, 1, 2024/09/28, 16:44:31.798, 359498244040416, vstest.console.dll, MetadataReaderExtensionsHelper: Discovering extensions inside assembly 'Microsoft.TestPlatform.TestHostRuntimeProvider, Version=15.0.0.0, Culture=neutral, PublicKeyToken=b03f5f7f11d50a3a' file path '/usr/local/share/dotnet/sdk/8.0.100/Extensions/Microsoft.TestPlatform.TestHostRuntimeProvider.dll'
TpTrace Information: 0 : 79928, 1, 2024/09/28, 16:44:31.798, 359498244538083, vstest.console.dll, GetTestExtensionFromType: Register extension with identifier data 'HostProvider://DefaultTestHost' and type 'Microsoft.VisualStudio.TestPlatform.CrossPlatEngine.Hosting.DefaultTestHostManager, Microsoft.TestPlatform.TestHostRuntimeProvider, Version=15.0.0.0, Culture=neutral, PublicKeyToken=b03f5f7f11d50a3a' inside file '/usr/local/share/dotnet/sdk/8.0.100/Extensions/Microsoft.TestPlatform.TestHostRuntimeProvider.dll'
TpTrace Information: 0 : 79928, 1, 2024/09/28, 16:44:31.798, 359498244635625, vstest.console.dll, GetTestExtensionFromType: Register extension with identifier data 'HostProvider://DotnetTestHost' and type 'Microsoft.VisualStudio.TestPlatform.CrossPlatEngine.Hosting.DotnetTestHostManager, Microsoft.TestPlatform.TestHostRuntimeProvider, Version=15.0.0.0, Culture=neutral, PublicKeyToken=b03f5f7f11d50a3a' inside file '/usr/local/share/dotnet/sdk/8.0.100/Extensions/Microsoft.TestPlatform.TestHostRuntimeProvider.dll'
TpTrace Information: 0 : 79928, 1, 2024/09/28, 16:44:31.798, 359498244661583, vstest.console.dll, AssemblyResolver.OnResolve: Microsoft.TestPlatform.Extensions.EventLogCollector: Resolving assembly.
TpTrace Information: 0 : 79928, 1, 2024/09/28, 16:44:31.798, 359498244672083, vstest.console.dll, AssemblyResolver.OnResolve: Microsoft.TestPlatform.Extensions.EventLogCollector: Searching in: '/usr/local/share/dotnet/sdk/8.0.100/Extensions'.
TpTrace Information: 0 : 79928, 1, 2024/09/28, 16:44:31.799, 359498244916875, vstest.console.dll, AssemblyResolver.OnResolve: Microsoft.TestPlatform.Extensions.EventLogCollector: Loading assembly '/usr/local/share/dotnet/sdk/8.0.100/Extensions/Microsoft.TestPlatform.Extensions.EventLogCollector.dll'.
TpTrace Information: 0 : 79928, 1, 2024/09/28, 16:44:31.799, 359498245015208, vstest.console.dll, AssemblyResolver.OnResolve: Resolved assembly: Microsoft.TestPlatform.Extensions.EventLogCollector, from path: /usr/local/share/dotnet/sdk/8.0.100/Extensions/Microsoft.TestPlatform.Extensions.EventLogCollector.dll
TpTrace Verbose: 0 : 79928, 1, 2024/09/28, 16:44:31.799, 359498245030166, vstest.console.dll, MetadataReaderExtensionsHelper: Discovering extensions inside assembly 'Microsoft.TestPlatform.Extensions.EventLogCollector, Version=15.0.0.0, Culture=neutral, PublicKeyToken=b03f5f7f11d50a3a' file path '/usr/local/share/dotnet/sdk/8.0.100/Extensions/Microsoft.TestPlatform.Extensions.EventLogCollector.dll'
TpTrace Information: 0 : 79928, 1, 2024/09/28, 16:44:31.800, 359498245805875, vstest.console.dll, AssemblyResolver.OnResolve: Microsoft.VisualStudio.TestPlatform.Extensions.Html.TestLogger: Resolving assembly.
TpTrace Information: 0 : 79928, 1, 2024/09/28, 16:44:31.800, 359498245822125, vstest.console.dll, AssemblyResolver.OnResolve: Microsoft.VisualStudio.TestPlatform.Extensions.Html.TestLogger: Searching in: '/usr/local/share/dotnet/sdk/8.0.100/Extensions'.
TpTrace Information: 0 : 79928, 1, 2024/09/28, 16:44:31.800, 359498246395291, vstest.console.dll, AssemblyResolver.OnResolve: Microsoft.VisualStudio.TestPlatform.Extensions.Html.TestLogger: Loading assembly '/usr/local/share/dotnet/sdk/8.0.100/Extensions/Microsoft.VisualStudio.TestPlatform.Extensions.Html.TestLogger.dll'.
TpTrace Information: 0 : 79928, 1, 2024/09/28, 16:44:31.800, 359498246541958, vstest.console.dll, AssemblyResolver.OnResolve: Resolved assembly: Microsoft.VisualStudio.TestPlatform.Extensions.Html.TestLogger, from path: /usr/local/share/dotnet/sdk/8.0.100/Extensions/Microsoft.VisualStudio.TestPlatform.Extensions.Html.TestLogger.dll
TpTrace Verbose: 0 : 79928, 1, 2024/09/28, 16:44:31.800, 359498246561041, vstest.console.dll, MetadataReaderExtensionsHelper: Discovering extensions inside assembly 'Microsoft.VisualStudio.TestPlatform.Extensions.Html.TestLogger, Version=15.0.0.0, Culture=neutral, PublicKeyToken=b03f5f7f11d50a3a' file path '/usr/local/share/dotnet/sdk/8.0.100/Extensions/Microsoft.VisualStudio.TestPlatform.Extensions.Html.TestLogger.dll'
TpTrace Verbose: 0 : 79928, 1, 2024/09/28, 16:44:31.801, 359498246824208, vstest.console.dll, TestPluginCache: Discovered the extensions using extension path ''.
TpTrace Verbose: 0 : 79928, 1, 2024/09/28, 16:44:31.801, 359498246840916, vstest.console.dll, TestPluginCache: Discoverers are ''.
TpTrace Verbose: 0 : 79928, 1, 2024/09/28, 16:44:31.801, 359498246847916, vstest.console.dll, TestPluginCache: Executors are ''.
TpTrace Verbose: 0 : 79928, 1, 2024/09/28, 16:44:31.801, 359498246853750, vstest.console.dll, TestPluginCache: Executors2 are ''.
TpTrace Verbose: 0 : 79928, 1, 2024/09/28, 16:44:31.801, 359498246859250, vstest.console.dll, TestPluginCache: Setting providers are ''.
TpTrace Verbose: 0 : 79928, 1, 2024/09/28, 16:44:31.801, 359498246870333, vstest.console.dll, TestPluginCache: Loggers are ''.
TpTrace Verbose: 0 : 79928, 1, 2024/09/28, 16:44:31.801, 359498246937166, vstest.console.dll, TestPluginCache: TestHosts are 'HostProvider://DefaultTestHost,HostProvider://DotnetTestHost'.
TpTrace Verbose: 0 : 79928, 1, 2024/09/28, 16:44:31.801, 359498246944333, vstest.console.dll, TestPluginCache: DataCollectors are ''.
TpTrace Information: 0 : 79928, 1, 2024/09/28, 16:44:31.807, 359498252934500, vstest.console.dll, RunTestsArgumentProcessor:Execute: Test run is starting.
TpTrace Verbose: 0 : 79928, 1, 2024/09/28, 16:44:31.807, 359498252951458, vstest.console.dll, RunTestsArgumentProcessor:Execute: Queuing Test run.
TpTrace Information: 0 : 79928, 1, 2024/09/28, 16:44:31.807, 359498253021833, vstest.console.dll, TestRequestManager.RunTests: run tests started.
TpTrace Information: 0 : 79928, 1, 2024/09/28, 16:44:31.808, 359498253988208, vstest.console.dll, AssemblyMetadataProvider.GetFrameworkName: Determined framework:'.NETCoreApp,Version=v8.0' for source: '/Users/jinx/Documents/YouTube.NET/backend/YouTube/YouTube.UnitTests/bin/Debug/net8.0/YouTube.UnitTests.dll'
TpTrace Information: 0 : 79928, 1, 2024/09/28, 16:44:31.808, 359498254038666, vstest.console.dll, Determined framework for all sources: .NETCoreApp,Version=v8.0
TpTrace Verbose: 0 : 79928, 1, 2024/09/28, 16:44:31.808, 359498254123083, vstest.console.dll, TestRequestManager.UpdateRunSettingsIfRequired: Default architecture: ARM64 IsDefaultTargetArchitecture: True, Current process architecture: ARM64 OperatingSystem: OSX.
TpTrace Information: 0 : 79928, 1, 2024/09/28, 16:44:31.808, 359498254770000, vstest.console.dll, AssemblyMetadataProvider.GetArchitecture: Determined architecture:AnyCPU info for assembly: /Users/jinx/Documents/YouTube.NET/backend/YouTube/YouTube.UnitTests/bin/Debug/net8.0/YouTube.UnitTests.dll
TpTrace Information: 0 : 79928, 1, 2024/09/28, 16:44:31.809, 359498254783833, vstest.console.dll, Determined platform for source '/Users/jinx/Documents/YouTube.NET/backend/YouTube/YouTube.UnitTests/bin/Debug/net8.0/YouTube.UnitTests.dll' was AnyCPU and it will use the default plaform ARM64.
TpTrace Information: 0 : 79928, 1, 2024/09/28, 16:44:31.809, 359498254791000, vstest.console.dll, None of the sources provided any runnable platform, using the default platform: ARM64
TpTrace Information: 0 : 79928, 1, 2024/09/28, 16:44:31.809, 359498254836000, vstest.console.dll, Platform was updated to 'ARM64'.
TpTrace Information: 0 : 79928, 1, 2024/09/28, 16:44:31.809, 359498255555375, vstest.console.dll, Compatible sources list: 
TpTrace Information: 0 : 79928, 1, 2024/09/28, 16:44:31.809, 359498255565666, vstest.console.dll, /Users/jinx/Documents/YouTube.NET/backend/YouTube/YouTube.UnitTests/bin/Debug/net8.0/YouTube.UnitTests.dll
TpTrace Information: 0 : 79928, 1, 2024/09/28, 16:44:31.810, 359498256386541, vstest.console.dll, InferRunSettingsHelper.IsTestSettingsEnabled: Unable to navigate to RunSettings/MSTest. Current node: RunSettings
TpTrace Information: 0 : 79928, 1, 2024/09/28, 16:44:31.810, 359498256583416, vstest.console.dll, AssemblyResolver.OnResolve: Microsoft.VisualStudio.TestPlatform.Fakes: Resolving assembly.
TpTrace Information: 0 : 79928, 1, 2024/09/28, 16:44:31.810, 359498256597208, vstest.console.dll, AssemblyResolver.OnResolve: Microsoft.VisualStudio.TestPlatform.Fakes: Searching in: '/usr/local/share/dotnet/sdk/8.0.100/Extensions'.
TpTrace Information: 0 : 79928, 1, 2024/09/28, 16:44:31.810, 359498256607625, vstest.console.dll, AssemblyResolver.OnResolve: Microsoft.VisualStudio.TestPlatform.Fakes: Assembly path does not exist: '/usr/local/share/dotnet/sdk/8.0.100/Extensions/Microsoft.VisualStudio.TestPlatform.Fakes.dll', returning.
TpTrace Information: 0 : 79928, 1, 2024/09/28, 16:44:31.810, 359498256616541, vstest.console.dll, AssemblyResolver.OnResolve: Microsoft.VisualStudio.TestPlatform.Fakes: Assembly path does not exist: '/usr/local/share/dotnet/sdk/8.0.100/Extensions/Microsoft.VisualStudio.TestPlatform.Fakes.exe', returning.
TpTrace Information: 0 : 79928, 1, 2024/09/28, 16:44:31.810, 359498256630625, vstest.console.dll, AssemblyResolver.OnResolve: Microsoft.VisualStudio.TestPlatform.Fakes: Searching in: '/usr/local/share/dotnet/sdk/8.0.100'.
TpTrace Information: 0 : 79928, 1, 2024/09/28, 16:44:31.810, 359498256638041, vstest.console.dll, AssemblyResolver.OnResolve: Microsoft.VisualStudio.TestPlatform.Fakes: Assembly path does not exist: '/usr/local/share/dotnet/sdk/8.0.100/Microsoft.VisualStudio.TestPlatform.Fakes.dll', returning.
TpTrace Information: 0 : 79928, 1, 2024/09/28, 16:44:31.810, 359498256645250, vstest.console.dll, AssemblyResolver.OnResolve: Microsoft.VisualStudio.TestPlatform.Fakes: Assembly path does not exist: '/usr/local/share/dotnet/sdk/8.0.100/Microsoft.VisualStudio.TestPlatform.Fakes.exe', returning.
TpTrace Information: 0 : 79928, 1, 2024/09/28, 16:44:31.810, 359498256650958, vstest.console.dll, AssemblyResolver.OnResolve: Microsoft.VisualStudio.TestPlatform.Fakes: Failed to load assembly.
TpTrace Information: 0 : 79928, 1, 2024/09/28, 16:44:31.810, 359498256766083, vstest.console.dll, Failed to load assembly Microsoft.VisualStudio.TestPlatform.Fakes, Version=17.0.0.0, Culture=neutral. Reason:System.IO.FileNotFoundException: Could not load file or assembly 'Microsoft.VisualStudio.TestPlatform.Fakes, Version=17.0.0.0, Culture=neutral, PublicKeyToken=null'. The system cannot find the file specified.

File name: 'Microsoft.VisualStudio.TestPlatform.Fakes, Version=17.0.0.0, Culture=neutral, PublicKeyToken=null'
   at System.Reflection.RuntimeAssembly.InternalLoad(AssemblyName assemblyName, StackCrawlMark& stackMark, AssemblyLoadContext assemblyLoadContext, RuntimeAssembly requestingAssembly, Boolean throwOnFileNotFound)
   at System.Reflection.Assembly.Load(AssemblyName assemblyRef)
   at Microsoft.VisualStudio.TestPlatform.Common.Utilities.FakesUtilities.LoadTestPlatformAssembly() in /_/src/Microsoft.TestPlatform.Common/Utilities/FakesUtilities.cs:line 272
TpTrace Verbose: 0 : 79928, 1, 2024/09/28, 16:44:31.811, 359498257420166, vstest.console.dll, TestPluginCache: Update extensions started. Skip filter = False
TpTrace Verbose: 0 : 79928, 1, 2024/09/28, 16:44:31.812, 359498258771833, vstest.console.dll, TestPluginCache: Using directories for assembly resolution '/Users/jinx/.nuget/packages/coverlet.collector/6.0.2/build/netstandard2.0'.
TpTrace Verbose: 0 : 79928, 1, 2024/09/28, 16:44:31.813, 359498258793708, vstest.console.dll, TestPluginCache: Updated the available extensions to '/Users/jinx/.nuget/packages/coverlet.collector/6.0.2/build/netstandard2.0/coverlet.collector.dll'.
TpTrace Verbose: 0 : 79928, 1, 2024/09/28, 16:44:31.813, 359498259576250, vstest.console.dll, TestPluginCache: Update extensions started. Skip filter = False
TpTrace Verbose: 0 : 79928, 1, 2024/09/28, 16:44:31.815, 359498261511125, vstest.console.dll, TestPluginCache: Using directories for assembly resolution '/Users/jinx/.nuget/packages/microsoft.codecoverage/17.6.0/build/netstandard2.0,/Users/jinx/.nuget/packages/coverlet.collector/6.0.2/build/netstandard2.0'.
TpTrace Verbose: 0 : 79928, 1, 2024/09/28, 16:44:31.815, 359498261567666, vstest.console.dll, TestPluginCache: Updated the available extensions to '/Users/jinx/.nuget/packages/microsoft.codecoverage/17.6.0/build/netstandard2.0/Microsoft.VisualStudio.TraceDataCollector.dll,/Users/jinx/.nuget/packages/coverlet.collector/6.0.2/build/netstandard2.0/coverlet.collector.dll'.
TpTrace Verbose: 0 : 79928, 1, 2024/09/28, 16:44:31.823, 359498268914833, vstest.console.dll, TestEngine: Initializing Parallel Execution as MaxCpuCount is set to: 1
TpTrace Information: 0 : 79928, 1, 2024/09/28, 16:44:31.823, 359498269479666, vstest.console.dll, TestPluginManager.CreateTestExtension: Attempting to load test extension: Microsoft.VisualStudio.TestPlatform.CrossPlatEngine.Hosting.DefaultTestHostManager
TpTrace Information: 0 : 79928, 1, 2024/09/28, 16:44:31.823, 359498269582041, vstest.console.dll, TestPluginManager.CreateTestExtension: Attempting to load test extension: Microsoft.VisualStudio.TestPlatform.CrossPlatEngine.Hosting.DotnetTestHostManager
TpTrace Information: 0 : 79928, 1, 2024/09/28, 16:44:31.824, 359498269790041, vstest.console.dll, InferRunSettingsHelper.IsTestSettingsEnabled: Unable to navigate to RunSettings/MSTest. Current node: RunSettings
TpTrace Verbose: 0 : 79928, 1, 2024/09/28, 16:44:31.824, 359498269943125, vstest.console.dll, ParallelOperationManager.ClearSlots: Clearing all slots. Slots should accept more work: True
TpTrace Verbose: 0 : 79928, 1, 2024/09/28, 16:44:31.824, 359498270173875, vstest.console.dll, ParallelOperationManager.SetOccupiedSlotCount: Setting slot counts AvailableSlotCount = 1, OccupiedSlotCount = 0.
TpTrace Verbose: 0 : 79928, 1, 2024/09/28, 16:44:31.824, 359498270281833, vstest.console.dll, Occupied slots:

TpTrace Verbose: 0 : 79928, 1, 2024/09/28, 16:44:31.826, 359498271857791, vstest.console.dll, TestEngine.GetExecutionManager: Chosen execution manager 'Microsoft.VisualStudio.TestPlatform.CrossPlatEngine.Client.Parallel.ParallelProxyExecutionManager, Microsoft.TestPlatform.CrossPlatEngine, Version=15.0.0.0, Culture=neutral, PublicKeyToken=b03f5f7f11d50a3a' ParallelLevel '1'.
TpTrace Verbose: 0 : 79928, 1, 2024/09/28, 16:44:31.826, 359498271903083, vstest.console.dll, TestRunRequest.ExecuteAsync: Creating test run request.
TpTrace Verbose: 0 : 79928, 1, 2024/09/28, 16:44:31.826, 359498272107333, vstest.console.dll, TestRunRequest.ExecuteAsync: Starting.
TpTrace Information: 0 : 79928, 1, 2024/09/28, 16:44:31.826, 359498272434208, vstest.console.dll, TestRunRequest.ExecuteAsync: Starting run with settings:TestRunCriteria:
   KeepAlive=False,FrequencyOfRunStatsChangeEvent=10,RunStatsChangeEventTimeout=00:00:01.5000000,TestCaseFilter=,TestExecutorLauncher=
   Settingsxml=<RunSettings>
  <DataCollectionRunSettings>
    <DataCollectors>
      <DataCollector friendlyName="XPlat code coverage" enabled="True">
        <Configuration>
          <Format>opencover</Format>
          <Include>
            ../YouTube.Infrastructure/Services/*.cs,
            ../YouTube.Persistence/Repositories/*.cs,
            ../YouTube.Application/Features/*
          </Include>
          <Exclude>
            [*.Tests*],
            [xunit.*],
            ../YouTube.Persistence/Extensions/*,
            ../YouTube.Persistence/Migrations/*,
            ../YouTube.Application/Common/*,
            ../YouTube.Application/Extensions/*,
            ../YouTube.Application/DTOs/*
            ../YouTube.Domain/*
          </Exclude>
        </Configuration>
      </DataCollector>
    </DataCollectors>
  </DataCollectionRunSettings>
  <RunSettingsDirectory>/Users/jinx/Documents/YouTube.NET/.github</RunSettingsDirectory>
  <RunConfiguration>
    <ResultsDirectory>/Users/jinx/Documents/YouTube.NET/backend/YouTube/YouTube.UnitTests/TestResults</ResultsDirectory>
    <TargetPlatform>ARM64</TargetPlatform>
    <TargetFrameworkVersion>.NETCoreApp,Version=v8.0</TargetFrameworkVersion>
    <TestAdaptersPaths>/Users/jinx/.nuget/packages/coverlet.collector/6.0.2/build/netstandard2.0/;/Users/jinx/.nuget/packages/microsoft.codecoverage/17.6.0/build/netstandard2.0/</TestAdaptersPaths>
    <DesignMode>False</DesignMode>
    <CollectSourceInformation>False</CollectSourceInformation>
  </RunConfiguration>
  <InProcDataCollectionRunSettings>
    <InProcDataCollectors>
      <InProcDataCollector assemblyQualifiedName="Coverlet.Collector.DataCollection.CoverletInProcDataCollector, coverlet.collector, Version=1.0.0.0, Culture=neutral, PublicKeyToken=null" friendlyName="XPlat Code Coverage" enabled="True" codebase="/Users/jinx/.nuget/packages/coverlet.collector/6.0.2/build/netstandard2.0/coverlet.collector.dll" />
    </InProcDataCollectors>
  </InProcDataCollectionRunSettings>
  <LoggerRunSettings>
    <Loggers>
      <Logger friendlyName="Console" assemblyQualifiedName="Microsoft.VisualStudio.TestPlatform.CommandLine.Internal.ConsoleLogger, vstest.console, Version=15.0.0.0, Culture=neutral, PublicKeyToken=b03f5f7f11d50a3a" codeBase="/usr/local/share/dotnet/sdk/8.0.100/vstest.console.dll" enabled="True">
        <Configuration>
          <Verbosity>normal</Verbosity>
        </Configuration>
      </Logger>
    </Loggers>
  </LoggerRunSettings>
</RunSettings>

TpTrace Verbose: 0 : 79928, 1, 2024/09/28, 16:44:31.826, 359498272461708, vstest.console.dll, TestRunRequest.ExecuteAsync: Wait for the first run request is over.
TpTrace Verbose: 0 : 79928, 1, 2024/09/28, 16:44:31.826, 359498272560208, vstest.console.dll, MulticastDelegateUtilities.SafeInvoke: TestRun.TestRunStart: Invoking callbacks was skipped because there are no subscribers.
TpTrace Verbose: 0 : 79928, 4, 2024/09/28, 16:44:31.826, 359498272643708, vstest.console.dll, MulticastDelegateUtilities.SafeInvoke: InternalTestLoggerEvents.SendTestRunStart: Invoking callback 1/1 for Microsoft.VisualStudio.TestPlatform.CommandLine.Internal.ConsoleLogger., took 0 ms.
TpTrace Verbose: 0 : 79928, 1, 2024/09/28, 16:44:31.827, 359498272945750, vstest.console.dll, ParallelProxyExecutionManager: Start execution. Total sources: 1
TpTrace Verbose: 0 : 79928, 1, 2024/09/28, 16:44:31.827, 359498273071958, vstest.console.dll, ParallelOperationManager.StartWork: Starting adding 1 workloads.
TpTrace Verbose: 0 : 79928, 1, 2024/09/28, 16:44:31.827, 359498273093416, vstest.console.dll, ParallelOperationManager.ClearSlots: Clearing all slots. Slots should accept more work: True
TpTrace Verbose: 0 : 79928, 1, 2024/09/28, 16:44:31.827, 359498273115083, vstest.console.dll, ParallelOperationManager.SetOccupiedSlotCount: Setting slot counts AvailableSlotCount = 1, OccupiedSlotCount = 0.
TpTrace Verbose: 0 : 79928, 1, 2024/09/28, 16:44:31.827, 359498273124958, vstest.console.dll, Occupied slots:

TpTrace Verbose: 0 : 79928, 1, 2024/09/28, 16:44:31.827, 359498273657958, vstest.console.dll, TestRequestSender is acting as server.
TpTrace Verbose: 0 : 79928, 1, 2024/09/28, 16:44:31.828, 359498273993291, vstest.console.dll, ParallelOperationManager.RunWorkInParallel: Adding 1 workload to slot, remaining workloads 0.
TpTrace Verbose: 0 : 79928, 1, 2024/09/28, 16:44:31.828, 359498274006708, vstest.console.dll, ParallelOperationManager.SetOccupiedSlotCount: Setting slot counts AvailableSlotCount = 0, OccupiedSlotCount = 1.
TpTrace Verbose: 0 : 79928, 1, 2024/09/28, 16:44:31.828, 359498274036291, vstest.console.dll, Occupied slots:
0: /Users/jinx/Documents/YouTube.NET/backend/YouTube/YouTube.UnitTests/bin/Debug/net8.0/YouTube.UnitTests.dll
TpTrace Verbose: 0 : 79928, 1, 2024/09/28, 16:44:31.828, 359498274420541, vstest.console.dll, ParallelOperationManager.RunWorkInParallel: Started host in slot number 0 for work (source): /Users/jinx/Documents/YouTube.NET/backend/YouTube/YouTube.UnitTests/bin/Debug/net8.0/YouTube.UnitTests.dll.
TpTrace Verbose: 0 : 79928, 1, 2024/09/28, 16:44:31.829, 359498274794333, vstest.console.dll, ParallelOperationManager.RunWorkInParallel: We started 1 work items, which is the max parallel level. Won't start more work.
TpTrace Verbose: 0 : 79928, 1, 2024/09/28, 16:44:31.829, 359498274807000, vstest.console.dll, ParallelOperationManager.RunWorkInParallel: We started 1 work items in here, returning True.
TpTrace Information: 0 : 79928, 1, 2024/09/28, 16:44:31.829, 359498274815375, vstest.console.dll, TestRunRequest.ExecuteAsync: Started.
TpTrace Verbose: 0 : 79928, 5, 2024/09/28, 16:44:31.829, 359498274889791, vstest.console.dll, ParallelProxyExecutionManager.StartTestRunOnConcurrentManager: Initializing uninitialized client. Started clients: 0
TpTrace Verbose: 0 : 79928, 5, 2024/09/28, 16:44:31.829, 359498274935250, vstest.console.dll, DataCollectionRequestSender.InitializeCommunication : Initialize communication. 
TpTrace Verbose: 0 : 79928, 1, 2024/09/28, 16:44:31.829, 359498275087541, vstest.console.dll, TestRunRequest.WaitForCompletion: Waiting with timeout -1.
TpTrace Information: 0 : 79928, 5, 2024/09/28, 16:44:31.831, 359498277603291, vstest.console.dll, Listening on Endpoint : 127.0.0.1:61584
TpTrace Verbose: 0 : 79928, 5, 2024/09/28, 16:44:31.833, 359498279624125, vstest.console.dll, DotnetDataCollectionLauncher: Adding  --runtimeconfig "/usr/local/share/dotnet/sdk/8.0.100/datacollector.runtimeconfig.json" in args
TpTrace Verbose: 0 : 79928, 5, 2024/09/28, 16:44:31.833, 359498279649333, vstest.console.dll, DotnetDataCollectionLauncher: Adding  --depsfile "/usr/local/share/dotnet/sdk/8.0.100/datacollector.deps.json" in args
TpTrace Verbose: 0 : 79928, 5, 2024/09/28, 16:44:31.833, 359498279662083, vstest.console.dll, DotnetDataCollectionLauncher: Full path of dotnet.exe is /usr/local/share/dotnet/dotnet
TpTrace Information: 0 : 79928, 5, 2024/09/28, 16:44:31.867, 359498312908125, vstest.console.dll, ProxyDataCollectionManager.Initialize: Launched datacollector processId: 79931 port: 61584
TpTrace Information: 0 : 79928, 5, 2024/09/28, 16:44:31.867, 359498313028000, vstest.console.dll, ProxyDataCollectionManager.Initialize: waiting for connection with timeout: 90 seconds
TpTrace Verbose: 0 : 79928, 5, 2024/09/28, 16:44:31.867, 359498313056250, vstest.console.dll, DataCollectionRequestSender.WaitForRequestHandlerConnection : Waiting for connection with timeout: 90000
TpTrace Verbose: 0 : 79928, 5, 2024/09/28, 16:44:31.937, 359498383431500, vstest.console.dll, SocketCommunicationManager.WaitForClientConnection took: 70 ms, with 90000 ms timeout, and finished with True.
TpTrace Information: 0 : 79928, 7, 2024/09/28, 16:44:31.937, 359498383425083, vstest.console.dll, Using the buffer size of 16384 bytes
TpTrace Information: 0 : 79928, 7, 2024/09/28, 16:44:31.937, 359498383503750, vstest.console.dll, Accepted Client request and set the flag
TpTrace Verbose: 0 : 79928, 5, 2024/09/28, 16:44:31.937, 359498383516250, vstest.console.dll, ProxyDataCollectionManager.InvokeDataCollectionServiceAction: Starting.
TpTrace Information: 0 : 79928, 5, 2024/09/28, 16:44:31.937, 359498383544625, vstest.console.dll, ProxyDataCollectionManager.BeforeTestRunStart: Get environment variable and port for datacollector processId: 79931 port: 61584
TpTrace Verbose: 0 : 79928, 5, 2024/09/28, 16:44:31.937, 359498383726833, vstest.console.dll, DataCollectionRequestSender.SendBeforeTestRunStartAndGetResult: Send BeforeTestRunStart message with settingsXml <RunSettings><DataCollectionRunSettings><DataCollectors><DataCollector friendlyName="XPlat code coverage" enabled="True"><Configuration><Format>opencover</Format><Include>
            ../YouTube.Infrastructure/Services/*.cs,
            ../YouTube.Persistence/Repositories/*.cs,
            ../YouTube.Application/Features/*
          </Include><Exclude>
            [*.Tests*],
            [xunit.*],
            ../YouTube.Persistence/Extensions/*,
            ../YouTube.Persistence/Migrations/*,
            ../YouTube.Application/Common/*,
            ../YouTube.Application/Extensions/*,
            ../YouTube.Application/DTOs/*
            ../YouTube.Domain/*
          </Exclude></Configuration></DataCollector></DataCollectors></DataCollectionRunSettings><RunSettingsDirectory>/Users/jinx/Documents/YouTube.NET/.github</RunSettingsDirectory><RunConfiguration><ResultsDirectory>/Users/jinx/Documents/YouTube.NET/backend/YouTube/YouTube.UnitTests/TestResults</ResultsDirectory><TargetPlatform>ARM64</TargetPlatform><TargetFrameworkVersion>.NETCoreApp,Version=v8.0</TargetFrameworkVersion><TestAdaptersPaths>/Users/jinx/.nuget/packages/coverlet.collector/6.0.2/build/netstandard2.0/;/Users/jinx/.nuget/packages/microsoft.codecoverage/17.6.0/build/netstandard2.0/;/usr/local/share/dotnet/sdk/8.0.100/Extensions</TestAdaptersPaths><DesignMode>False</DesignMode><CollectSourceInformation>False</CollectSourceInformation></RunConfiguration><InProcDataCollectionRunSettings><InProcDataCollectors><InProcDataCollector assemblyQualifiedName="Coverlet.Collector.DataCollection.CoverletInProcDataCollector, coverlet.collector, Version=1.0.0.0, Culture=neutral, PublicKeyToken=null" friendlyName="XPlat Code Coverage" enabled="True" codebase="/Users/jinx/.nuget/packages/coverlet.collector/6.0.2/build/netstandard2.0/coverlet.collector.dll" /></InProcDataCollectors></InProcDataCollectionRunSettings><LoggerRunSettings><Loggers><Logger friendlyName="Console" assemblyQualifiedName="Microsoft.VisualStudio.TestPlatform.CommandLine.Internal.ConsoleLogger, vstest.console, Version=15.0.0.0, Culture=neutral, PublicKeyToken=b03f5f7f11d50a3a" codeBase="/usr/local/share/dotnet/sdk/8.0.100/vstest.console.dll" enabled="True"><Configuration><Verbosity>normal</Verbosity></Configuration></Logger></Loggers></LoggerRunSettings></RunSettings> and sources System.Collections.Generic.List`1[System.String]: 
TpTrace Verbose: 0 : 79928, 5, 2024/09/28, 16:44:31.967, 359498413142291, vstest.console.dll, DataCollectionRequestSender.SendBeforeTestRunStartAndGetResult: Received message: (DataCollection.SendMessage) -> {"MessageType":"DataCollection.SendMessage","Payload":{"FriendlyName":null,"Uri":null,"TestCaseId":"00000000-0000-0000-0000-000000000000","Message":"Logging DataCollector Diagnostics in file: /Users/jinx/Documents/YouTube.NET/backend/YouTube/YouTube.UnitTests/log.datacollector.24-09-28_16-44-31_83377_5.txt","Level":0}}
TpTrace Verbose: 0 : 79928, 5, 2024/09/28, 16:44:33.489, 359499934806541, vstest.console.dll, DataCollectionRequestSender.SendBeforeTestRunStartAndGetResult: Received message: (DataCollection.BeforeTestRunStartResult) -> {"MessageType":"DataCollection.BeforeTestRunStartResult","Payload":{"EnvironmentVariables":{},"DataCollectionEventsPort":0}}
TpTrace Information: 0 : 79928, 5, 2024/09/28, 16:44:33.491, 359499937155458, vstest.console.dll, ProxyDataCollectionManager.BeforeTestRunStart: SendBeforeTestRunStartAndGetResult successful, env variable from datacollector:   and testhost port: 0
TpTrace Information: 0 : 79928, 5, 2024/09/28, 16:44:33.491, 359499937182500, vstest.console.dll, ProxyDataCollectionManager.InvokeDataCollectionServiceAction: Completed.
TpTrace Verbose: 0 : 79928, 5, 2024/09/28, 16:44:33.491, 359499937198250, vstest.console.dll, ParallelProxyExecutionManager.StartTestRunOnConcurrentManager: Initializing test run. Started clients: 0
TpTrace Verbose: 0 : 79928, 5, 2024/09/28, 16:44:33.491, 359499937234500, vstest.console.dll, ProxyExecutionManager: Test host is always Lazy initialize.
TpTrace Verbose: 0 : 79928, 5, 2024/09/28, 16:44:33.491, 359499937332416, vstest.console.dll, TestRequestSender.InitializeCommunication: initialize communication. 
TpTrace Information: 0 : 79928, 5, 2024/09/28, 16:44:33.491, 359499937546083, vstest.console.dll, SocketServer.Start: Listening on endpoint : 127.0.0.1:61586
TpTrace Verbose: 0 : 79928, 5, 2024/09/28, 16:44:33.492, 359499937884833, vstest.console.dll, DotnetTestHostmanager.GetTestHostProcessStartInfo: Platform environment 'ARM64' target architecture 'ARM64' framework '.NETCoreApp,Version=v8.0' OS 'OSX'
TpTrace Verbose: 0 : 79928, 5, 2024/09/28, 16:44:33.492, 359499937935166, vstest.console.dll, DotnetTestHostmanager: Adding  --runtimeconfig "/Users/jinx/Documents/YouTube.NET/backend/YouTube/YouTube.UnitTests/bin/Debug/net8.0/YouTube.UnitTests.runtimeconfig.json" in args
TpTrace Verbose: 0 : 79928, 5, 2024/09/28, 16:44:33.492, 359499937949833, vstest.console.dll, DotnetTestHostmanager: Adding  --depsfile "/Users/jinx/Documents/YouTube.NET/backend/YouTube/YouTube.UnitTests/bin/Debug/net8.0/YouTube.UnitTests.deps.json" in args
TpTrace Information: 0 : 79928, 5, 2024/09/28, 16:44:33.492, 359499937985166, vstest.console.dll, AssemblyResolver.OnResolve: Microsoft.Extensions.DependencyModel: Resolving assembly.
TpTrace Information: 0 : 79928, 5, 2024/09/28, 16:44:33.492, 359499938010041, vstest.console.dll, AssemblyResolver.OnResolve: Microsoft.Extensions.DependencyModel: Searching in: '/usr/local/share/dotnet/sdk/8.0.100/Extensions'.
TpTrace Information: 0 : 79928, 5, 2024/09/28, 16:44:33.492, 359499938025041, vstest.console.dll, AssemblyResolver.OnResolve: Microsoft.Extensions.DependencyModel: Assembly path does not exist: '/usr/local/share/dotnet/sdk/8.0.100/Extensions/Microsoft.Extensions.DependencyModel.dll', returning.
TpTrace Information: 0 : 79928, 5, 2024/09/28, 16:44:33.492, 359499938035458, vstest.console.dll, AssemblyResolver.OnResolve: Microsoft.Extensions.DependencyModel: Assembly path does not exist: '/usr/local/share/dotnet/sdk/8.0.100/Extensions/Microsoft.Extensions.DependencyModel.exe', returning.
TpTrace Information: 0 : 79928, 5, 2024/09/28, 16:44:33.492, 359499938052333, vstest.console.dll, AssemblyResolver.OnResolve: Microsoft.Extensions.DependencyModel: Searching in: '/usr/local/share/dotnet/sdk/8.0.100'.
TpTrace Information: 0 : 79928, 5, 2024/09/28, 16:44:33.492, 359499938702666, vstest.console.dll, AssemblyResolver.OnResolve: Microsoft.Extensions.DependencyModel: Loading assembly '/usr/local/share/dotnet/sdk/8.0.100/Microsoft.Extensions.DependencyModel.dll'.
TpTrace Information: 0 : 79928, 5, 2024/09/28, 16:44:33.493, 359499938892583, vstest.console.dll, AssemblyResolver.OnResolve: Resolved assembly: Microsoft.Extensions.DependencyModel, from path: /usr/local/share/dotnet/sdk/8.0.100/Microsoft.Extensions.DependencyModel.dll
TpTrace Verbose: 0 : 79928, 5, 2024/09/28, 16:44:33.493, 359499938976000, vstest.console.dll, DotnetTestHostmanager: Runtimeconfig.dev.json /Users/jinx/Documents/YouTube.NET/backend/YouTube/YouTube.UnitTests/bin/Debug/net8.0/YouTube.UnitTests.runtimeconfig.dev.json does not exist.
TpTrace Verbose: 0 : 79928, 5, 2024/09/28, 16:44:33.493, 359499938992416, vstest.console.dll, DotnetTestHostManager: Found testhost.dll in source directory: /Users/jinx/Documents/YouTube.NET/backend/YouTube/YouTube.UnitTests/bin/Debug/net8.0/testhost.dll.
TpTrace Verbose: 0 : 79928, 5, 2024/09/28, 16:44:33.493, 359499939021833, vstest.console.dll, DotnetTestHostmanager: Current process architetcure 'ARM64'
TpTrace Verbose: 0 : 79928, 5, 2024/09/28, 16:44:33.493, 359499939050125, vstest.console.dll, DotnetTestHostmanager.LaunchTestHostAsync: Compatible muxer architecture of running process 'ARM64' and target architecture 'ARM64'
TpTrace Verbose: 0 : 79928, 5, 2024/09/28, 16:44:33.493, 359499939059916, vstest.console.dll, DotnetTestHostmanager: Full path of testhost.dll is /Users/jinx/Documents/YouTube.NET/backend/YouTube/YouTube.UnitTests/bin/Debug/net8.0/testhost.dll
TpTrace Verbose: 0 : 79928, 5, 2024/09/28, 16:44:33.493, 359499939072500, vstest.console.dll, DotnetTestHostmanager: Full path of host exe is /usr/local/share/dotnet/dotnet
TpTrace Verbose: 0 : 79928, 5, 2024/09/28, 16:44:33.493, 359499939144833, vstest.console.dll, DotnetTestHostManager: Starting process '/usr/local/share/dotnet/dotnet' with command line 'exec --runtimeconfig "/Users/jinx/Documents/YouTube.NET/backend/YouTube/YouTube.UnitTests/bin/Debug/net8.0/YouTube.UnitTests.runtimeconfig.json" --depsfile "/Users/jinx/Documents/YouTube.NET/backend/YouTube/YouTube.UnitTests/bin/Debug/net8.0/YouTube.UnitTests.deps.json" "/Users/jinx/Documents/YouTube.NET/backend/YouTube/YouTube.UnitTests/bin/Debug/net8.0/testhost.dll" --port 61586 --endpoint 127.0.0.1:061586 --role client --parentprocessid 79928 --diag "/Users/jinx/Documents/YouTube.NET/backend/YouTube/YouTube.UnitTests/log.host.24-09-28_16-44-33_49190_5.txt" --tracelevel 4 --datacollectionport 0 --telemetryoptedin false'
TpTrace Verbose: 0 : 79928, 5, 2024/09/28, 16:44:33.517, 359499963406125, vstest.console.dll, MulticastDelegateUtilities.SafeInvoke: HostProviderEvents.OnHostLaunched: Invoking callback 1/2 for Microsoft.VisualStudio.TestPlatform.CrossPlatEngine.Client.ProxyExecutionManagerWithDataCollection., took 0 ms.
TpTrace Verbose: 0 : 79928, 5, 2024/09/28, 16:44:33.517, 359499963633291, vstest.console.dll, Test Runtime launched
TpTrace Verbose: 0 : 79928, 5, 2024/09/28, 16:44:33.517, 359499963659916, vstest.console.dll, MulticastDelegateUtilities.SafeInvoke: HostProviderEvents.OnHostLaunched: Invoking callback 2/2 for Microsoft.VisualStudio.TestPlatform.CrossPlatEngine.Client.ProxyOperationManager., took 0 ms.
TpTrace Verbose: 0 : 79928, 5, 2024/09/28, 16:44:33.518, 359499963861375, vstest.console.dll, TestRequestSender.WaitForRequestHandlerConnection: waiting for connection with timeout: 90000.
TpTrace Verbose: 0 : 79928, 5, 2024/09/28, 16:44:33.599, 359500045433875, vstest.console.dll, TestRequestSender.WaitForRequestHandlerConnection: waiting took 81 ms, with timeout 90000 ms, and result 0, which is success.
TpTrace Verbose: 0 : 79928, 10, 2024/09/28, 16:44:33.599, 359500045429000, vstest.console.dll, MulticastDelegateUtilities.SafeInvoke: SocketServer: ClientConnected: Invoking callback 1/1 for Microsoft.VisualStudio.TestPlatform.CommunicationUtilities.TestRequestSender., took 0 ms.
TpTrace Verbose: 0 : 79928, 10, 2024/09/28, 16:44:33.599, 359500045547500, vstest.console.dll, SocketServer.OnClientConnected: Client connected for endPoint: 127.0.0.1:61586, starting MessageLoopAsync:
TpTrace Verbose: 0 : 79928, 10, 2024/09/28, 16:44:33.599, 359500045753416, vstest.console.dll, TcpClientExtensions.MessageLoopAsync: Polling on remoteEndPoint: 127.0.0.1:61587 localEndPoint: 127.0.0.1:61586
TpTrace Verbose: 0 : 79928, 5, 2024/09/28, 16:44:33.600, 359500045977625, vstest.console.dll, TestRequestSender.CheckVersionWithTestHost: Sending check version message: {"MessageType":"ProtocolVersion","Payload":7}
TpTrace Verbose: 0 : 79928, 10, 2024/09/28, 16:44:33.654, 359500100681916, vstest.console.dll, TcpClientExtensions.MessageLoopAsync: NotifyDataAvailable remoteEndPoint: 127.0.0.1:61587 localEndPoint: 127.0.0.1:61586
TpTrace Verbose: 0 : 79928, 10, 2024/09/28, 16:44:33.655, 359500100834791, vstest.console.dll, TestRequestSender.CheckVersionWithTestHost: onMessageReceived received message: (ProtocolVersion) -> {"MessageType":"ProtocolVersion","Payload":7}
TpTrace Verbose: 0 : 79928, 10, 2024/09/28, 16:44:33.655, 359500101218500, vstest.console.dll, MulticastDelegateUtilities.SafeInvoke: LengthPrefixCommunicationChannel: MessageReceived: Invoking callback 1/1 for Microsoft.VisualStudio.TestPlatform.CommunicationUtilities.TestRequestSender+<>c__DisplayClass29_0., took 0 ms.
TpTrace Verbose: 0 : 79928, 10, 2024/09/28, 16:44:33.655, 359500101252500, vstest.console.dll, TcpClientExtensions.MessageLoopAsync: Polling on remoteEndPoint: 127.0.0.1:61587 localEndPoint: 127.0.0.1:61586
TpTrace Verbose: 0 : 79928, 5, 2024/09/28, 16:44:33.655, 359500101304250, vstest.console.dll, TestPluginCache.GetExtensionPaths: Filtered extension paths: 
TpTrace Verbose: 0 : 79928, 5, 2024/09/28, 16:44:33.655, 359500101325958, vstest.console.dll, TestPluginCache.GetExtensionPaths: Added default extension paths: /usr/local/share/dotnet/sdk/8.0.100/Extensions/Microsoft.VisualStudio.TestPlatform.Extensions.Trx.TestLogger.dll
/usr/local/share/dotnet/sdk/8.0.100/Extensions/Microsoft.Diagnostics.NETCore.Client.dll
/usr/local/share/dotnet/sdk/8.0.100/Extensions/Microsoft.TestPlatform.Extensions.BlameDataCollector.dll
/usr/local/share/dotnet/sdk/8.0.100/Extensions/Microsoft.TestPlatform.TestHostRuntimeProvider.dll
/usr/local/share/dotnet/sdk/8.0.100/Extensions/Microsoft.TestPlatform.Extensions.EventLogCollector.dll
/usr/local/share/dotnet/sdk/8.0.100/Extensions/Microsoft.VisualStudio.TestPlatform.Extensions.Html.TestLogger.dll
TpTrace Verbose: 0 : 79928, 5, 2024/09/28, 16:44:33.655, 359500101340416, vstest.console.dll, TestPluginCache.GetExtensionPaths: Added unfilterableExtensionPaths: 
TpTrace Verbose: 0 : 79928, 5, 2024/09/28, 16:44:33.656, 359500102568791, vstest.console.dll, TestRequestSender.InitializeExecution: Sending initialize execution with message: {"Version":7,"MessageType":"TestExecution.Initialize","Payload":["/Users/jinx/Documents/YouTube.NET/backend/YouTube/YouTube.UnitTests/bin/Debug/net8.0/xunit.runner.visualstudio.dotnetcore.testadapter.dll"]}
TpTrace Verbose: 0 : 79928, 5, 2024/09/28, 16:44:33.656, 359500102612208, vstest.console.dll, ParallelProxyExecutionManager.StartTestRunOnConcurrentManager: Execution starting. Started clients: 1
TpTrace Verbose: 0 : 79928, 5, 2024/09/28, 16:44:33.657, 359500102767750, vstest.console.dll, TestRunRequest:SendTestRunMessage: Starting.
TpTrace Verbose: 0 : 79928, 5, 2024/09/28, 16:44:33.657, 359500102870125, vstest.console.dll, MulticastDelegateUtilities.SafeInvoke: TestRun.LogMessages: Invoking callback 1/1 for Microsoft.VisualStudio.TestPlatform.CommandLine.TestRunResultAggregator., took 0 ms.
TpTrace Information: 0 : 79928, 5, 2024/09/28, 16:44:33.657, 359500102883583, vstest.console.dll, TestRunRequest:SendTestRunMessage: Completed.
TpTrace Verbose: 0 : 79928, 4, 2024/09/28, 16:44:33.657, 359500103003041, vstest.console.dll, MulticastDelegateUtilities.SafeInvoke: InternalTestLoggerEvents.SendTestRunMessage: Invoking callback 1/1 for Microsoft.VisualStudio.TestPlatform.CommandLine.Internal.ConsoleLogger., took 0 ms.
TpTrace Warning: 0 : 79928, 5, 2024/09/28, 16:44:33.657, 359500103121833, vstest.console.dll, InferRunSettingsHelper.MakeRunsettingsCompatible: Removing the following settings: TargetPlatform from RunSettings file. To use those settings please move to latest version of Microsoft.NET.Test.Sdk
TpTrace Verbose: 0 : 79928, 10, 2024/09/28, 16:44:33.658, 359500103923500, vstest.console.dll, TcpClientExtensions.MessageLoopAsync: NotifyDataAvailable remoteEndPoint: 127.0.0.1:61587 localEndPoint: 127.0.0.1:61586
TpTrace Verbose: 0 : 79928, 10, 2024/09/28, 16:44:33.658, 359500104035666, vstest.console.dll, TestRequestSender.OnExecutionMessageReceived: Received message: {"Version":7,"MessageType":"TestSession.Message","Payload":{"MessageLevel":0,"Message":"   TestHost  : /Users/jinx/Documents/YouTube.NET/backend/YouTube/YouTube.UnitTests/log.host.24-09-28_16-44-33_49190_5.txt"}}
TpTrace Verbose: 0 : 79928, 10, 2024/09/28, 16:44:33.659, 359500105139750, vstest.console.dll, TestRunRequest:SendTestRunMessage: Starting.
TpTrace Verbose: 0 : 79928, 10, 2024/09/28, 16:44:33.659, 359500105173666, vstest.console.dll, MulticastDelegateUtilities.SafeInvoke: TestRun.LogMessages: Invoking callback 1/1 for Microsoft.VisualStudio.TestPlatform.CommandLine.TestRunResultAggregator., took 0 ms.
TpTrace Information: 0 : 79928, 10, 2024/09/28, 16:44:33.659, 359500105183458, vstest.console.dll, TestRunRequest:SendTestRunMessage: Completed.
TpTrace Verbose: 0 : 79928, 10, 2024/09/28, 16:44:33.659, 359500105196625, vstest.console.dll, MulticastDelegateUtilities.SafeInvoke: LengthPrefixCommunicationChannel: MessageReceived: Invoking callback 1/1 for Microsoft.VisualStudio.TestPlatform.CommunicationUtilities.TestRequestSender+<>c__DisplayClass34_0., took 1 ms.
TpTrace Verbose: 0 : 79928, 10, 2024/09/28, 16:44:33.659, 359500105206166, vstest.console.dll, TcpClientExtensions.MessageLoopAsync: Polling on remoteEndPoint: 127.0.0.1:61587 localEndPoint: 127.0.0.1:61586
TpTrace Verbose: 0 : 79928, 4, 2024/09/28, 16:44:33.659, 359500105253000, vstest.console.dll, MulticastDelegateUtilities.SafeInvoke: InternalTestLoggerEvents.SendTestRunMessage: Invoking callback 1/1 for Microsoft.VisualStudio.TestPlatform.CommandLine.Internal.ConsoleLogger., took 0 ms.
TpTrace Verbose: 0 : 79928, 5, 2024/09/28, 16:44:33.660, 359500106128208, vstest.console.dll, TestRequestSender.StartTestRun: Sending test run with message: {"Version":7,"MessageType":"TestExecution.StartWithSources","Payload":{"AdapterSourceMap":{"_none_":["/Users/jinx/Documents/YouTube.NET/backend/YouTube/YouTube.UnitTests/bin/Debug/net8.0/YouTube.UnitTests.dll"]},"RunSettings":"<RunSettings>\n  <DataCollectionRunSettings>\n    <DataCollectors>\n      <DataCollector friendlyName=\"XPlat code coverage\" enabled=\"True\">\n        <Configuration>\n          <Format>opencover</Format>\n          <Include>\n            ../YouTube.Infrastructure/Services/*.cs,\n            ../YouTube.Persistence/Repositories/*.cs,\n            ../YouTube.Application/Features/*\n          </Include>\n          <Exclude>\n            [*.Tests*],\n            [xunit.*],\n            ../YouTube.Persistence/Extensions/*,\n            ../YouTube.Persistence/Migrations/*,\n            ../YouTube.Application/Common/*,\n            ../YouTube.Application/Extensions/*,\n            ../YouTube.Application/DTOs/*\n            ../YouTube.Domain/*\n          </Exclude>\n        </Configuration>\n      </DataCollector>\n    </DataCollectors>\n  </DataCollectionRunSettings>\n  <RunSettingsDirectory>/Users/jinx/Documents/YouTube.NET/.github</RunSettingsDirectory>\n  <RunConfiguration>\n    <ResultsDirectory>/Users/jinx/Documents/YouTube.NET/backend/YouTube/YouTube.UnitTests/TestResults</ResultsDirectory>\n    <TargetFrameworkVersion>.NETCoreApp,Version=v8.0</TargetFrameworkVersion>\n    <TestAdaptersPaths>/Users/jinx/.nuget/packages/coverlet.collector/6.0.2/build/netstandard2.0/;/Users/jinx/.nuget/packages/microsoft.codecoverage/17.6.0/build/netstandard2.0/</TestAdaptersPaths>\n    <DesignMode>False</DesignMode>\n    <CollectSourceInformation>False</CollectSourceInformation>\n  </RunConfiguration>\n  <InProcDataCollectionRunSettings>\n    <InProcDataCollectors>\n      <InProcDataCollector assemblyQualifiedName=\"Coverlet.Collector.DataCollection.CoverletInProcDataCollector, coverlet.collector, Version=1.0.0.0, Culture=neutral, PublicKeyToken=null\" friendlyName=\"XPlat Code Coverage\" enabled=\"True\" codebase=\"/Users/jinx/.nuget/packages/coverlet.collector/6.0.2/build/netstandard2.0/coverlet.collector.dll\" />\n    </InProcDataCollectors>\n  </InProcDataCollectionRunSettings>\n  <LoggerRunSettings>\n    <Loggers>\n      <Logger friendlyName=\"Console\" assemblyQualifiedName=\"Microsoft.VisualStudio.TestPlatform.CommandLine.Internal.ConsoleLogger, vstest.console, Version=15.0.0.0, Culture=neutral, PublicKeyToken=b03f5f7f11d50a3a\" codeBase=\"/usr/local/share/dotnet/sdk/8.0.100/vstest.console.dll\" enabled=\"True\">\n        <Configuration>\n          <Verbosity>normal</Verbosity>\n        </Configuration>\n      </Logger>\n    </Loggers>\n  </LoggerRunSettings>\n</RunSettings>","TestExecutionContext":{"FrequencyOfRunStatsChangeEvent":10,"RunStatsChangeEventTimeout":"00:00:01.5000000","InIsolation":false,"KeepAlive":false,"AreTestCaseLevelEventsRequired":false,"IsDebug":false,"TestCaseFilter":null,"FilterOptions":null},"Package":null}}
TpTrace Verbose: 0 : 79928, 5, 2024/09/28, 16:44:33.660, 359500106182333, vstest.console.dll, ParallelProxyExecutionManager.StartTestRunOnConcurrentManager: Execution started. Started clients: 1
TpTrace Verbose: 0 : 79928, 10, 2024/09/28, 16:44:33.718, 359500163777958, vstest.console.dll, TcpClientExtensions.MessageLoopAsync: NotifyDataAvailable remoteEndPoint: 127.0.0.1:61587 localEndPoint: 127.0.0.1:61586
TpTrace Verbose: 0 : 79928, 10, 2024/09/28, 16:44:33.718, 359500163935625, vstest.console.dll, TestRequestSender.OnExecutionMessageReceived: Received message: {"Version":7,"MessageType":"TestSession.Message","Payload":{"MessageLevel":0,"Message":"[xUnit.net 00:00:00.00] xUnit.net VSTest Adapter v2.4.5+1caef2f33e (64-bit .NET 8.0.4)"}}
TpTrace Verbose: 0 : 79928, 10, 2024/09/28, 16:44:33.718, 359500164069166, vstest.console.dll, TestRunRequest:SendTestRunMessage: Starting.
TpTrace Verbose: 0 : 79928, 10, 2024/09/28, 16:44:33.718, 359500164100166, vstest.console.dll, MulticastDelegateUtilities.SafeInvoke: TestRun.LogMessages: Invoking callback 1/1 for Microsoft.VisualStudio.TestPlatform.CommandLine.TestRunResultAggregator., took 0 ms.
TpTrace Information: 0 : 79928, 10, 2024/09/28, 16:44:33.718, 359500164109291, vstest.console.dll, TestRunRequest:SendTestRunMessage: Completed.
TpTrace Verbose: 0 : 79928, 10, 2024/09/28, 16:44:33.718, 359500164122416, vstest.console.dll, MulticastDelegateUtilities.SafeInvoke: LengthPrefixCommunicationChannel: MessageReceived: Invoking callback 1/1 for Microsoft.VisualStudio.TestPlatform.CommunicationUtilities.TestRequestSender+<>c__DisplayClass34_0., took 0 ms.
TpTrace Verbose: 0 : 79928, 10, 2024/09/28, 16:44:33.718, 359500164132416, vstest.console.dll, TcpClientExtensions.MessageLoopAsync: Polling on remoteEndPoint: 127.0.0.1:61587 localEndPoint: 127.0.0.1:61586
TpTrace Verbose: 0 : 79928, 4, 2024/09/28, 16:44:33.718, 359500164174583, vstest.console.dll, MulticastDelegateUtilities.SafeInvoke: InternalTestLoggerEvents.SendTestRunMessage: Invoking callback 1/1 for Microsoft.VisualStudio.TestPlatform.CommandLine.Internal.ConsoleLogger., took 0 ms.
TpTrace Verbose: 0 : 79928, 10, 2024/09/28, 16:44:34.181, 359500627262875, vstest.console.dll, TcpClientExtensions.MessageLoopAsync: NotifyDataAvailable remoteEndPoint: 127.0.0.1:61587 localEndPoint: 127.0.0.1:61586
TpTrace Verbose: 0 : 79928, 10, 2024/09/28, 16:44:34.181, 359500627431041, vstest.console.dll, TestRequestSender.OnExecutionMessageReceived: Received message: {"Version":7,"MessageType":"TestSession.Message","Payload":{"MessageLevel":0,"Message":"[xUnit.net 00:00:00.46]   Discovering: YouTube.UnitTests"}}
TpTrace Verbose: 0 : 79928, 10, 2024/09/28, 16:44:34.181, 359500627553000, vstest.console.dll, TestRunRequest:SendTestRunMessage: Starting.
TpTrace Verbose: 0 : 79928, 10, 2024/09/28, 16:44:34.181, 359500627587583, vstest.console.dll, MulticastDelegateUtilities.SafeInvoke: TestRun.LogMessages: Invoking callback 1/1 for Microsoft.VisualStudio.TestPlatform.CommandLine.TestRunResultAggregator., took 0 ms.
TpTrace Information: 0 : 79928, 10, 2024/09/28, 16:44:34.181, 359500627597250, vstest.console.dll, TestRunRequest:SendTestRunMessage: Completed.
TpTrace Verbose: 0 : 79928, 10, 2024/09/28, 16:44:34.181, 359500627610500, vstest.console.dll, MulticastDelegateUtilities.SafeInvoke: LengthPrefixCommunicationChannel: MessageReceived: Invoking callback 1/1 for Microsoft.VisualStudio.TestPlatform.CommunicationUtilities.TestRequestSender+<>c__DisplayClass34_0., took 0 ms.
TpTrace Verbose: 0 : 79928, 10, 2024/09/28, 16:44:34.181, 359500627627041, vstest.console.dll, TcpClientExtensions.MessageLoopAsync: Polling on remoteEndPoint: 127.0.0.1:61587 localEndPoint: 127.0.0.1:61586
TpTrace Verbose: 0 : 79928, 4, 2024/09/28, 16:44:34.181, 359500627652916, vstest.console.dll, MulticastDelegateUtilities.SafeInvoke: InternalTestLoggerEvents.SendTestRunMessage: Invoking callback 1/1 for Microsoft.VisualStudio.TestPlatform.CommandLine.Internal.ConsoleLogger., took 0 ms.
TpTrace Verbose: 0 : 79928, 10, 2024/09/28, 16:44:34.194, 359500640493375, vstest.console.dll, TcpClientExtensions.MessageLoopAsync: NotifyDataAvailable remoteEndPoint: 127.0.0.1:61587 localEndPoint: 127.0.0.1:61586
TpTrace Verbose: 0 : 79928, 10, 2024/09/28, 16:44:34.194, 359500640545875, vstest.console.dll, TestRequestSender.OnExecutionMessageReceived: Received message: {"Version":7,"MessageType":"TestSession.Message","Payload":{"MessageLevel":0,"Message":"[xUnit.net 00:00:00.47]   Discovered:  YouTube.UnitTests"}}
TpTrace Verbose: 0 : 79928, 10, 2024/09/28, 16:44:34.194, 359500640595166, vstest.console.dll, TestRunRequest:SendTestRunMessage: Starting.
TpTrace Verbose: 0 : 79928, 10, 2024/09/28, 16:44:34.194, 359500640619208, vstest.console.dll, MulticastDelegateUtilities.SafeInvoke: TestRun.LogMessages: Invoking callback 1/1 for Microsoft.VisualStudio.TestPlatform.CommandLine.TestRunResultAggregator., took 0 ms.
TpTrace Information: 0 : 79928, 10, 2024/09/28, 16:44:34.194, 359500640627166, vstest.console.dll, TestRunRequest:SendTestRunMessage: Completed.
TpTrace Verbose: 0 : 79928, 10, 2024/09/28, 16:44:34.194, 359500640634208, vstest.console.dll, MulticastDelegateUtilities.SafeInvoke: LengthPrefixCommunicationChannel: MessageReceived: Invoking callback 1/1 for Microsoft.VisualStudio.TestPlatform.CommunicationUtilities.TestRequestSender+<>c__DisplayClass34_0., took 0 ms.
TpTrace Verbose: 0 : 79928, 10, 2024/09/28, 16:44:34.194, 359500640644250, vstest.console.dll, TcpClientExtensions.MessageLoopAsync: Polling on remoteEndPoint: 127.0.0.1:61587 localEndPoint: 127.0.0.1:61586
TpTrace Verbose: 0 : 79928, 4, 2024/09/28, 16:44:34.194, 359500640652666, vstest.console.dll, MulticastDelegateUtilities.SafeInvoke: InternalTestLoggerEvents.SendTestRunMessage: Invoking callback 1/1 for Microsoft.VisualStudio.TestPlatform.CommandLine.Internal.ConsoleLogger., took 0 ms.
TpTrace Verbose: 0 : 79928, 10, 2024/09/28, 16:44:34.195, 359500641587333, vstest.console.dll, TcpClientExtensions.MessageLoopAsync: NotifyDataAvailable remoteEndPoint: 127.0.0.1:61587 localEndPoint: 127.0.0.1:61586
TpTrace Verbose: 0 : 79928, 10, 2024/09/28, 16:44:34.195, 359500641614458, vstest.console.dll, TestRequestSender.OnExecutionMessageReceived: Received message: {"Version":7,"MessageType":"TestSession.Message","Payload":{"MessageLevel":0,"Message":"[xUnit.net 00:00:00.47]   Starting:    YouTube.UnitTests"}}
TpTrace Verbose: 0 : 79928, 10, 2024/09/28, 16:44:34.195, 359500641645708, vstest.console.dll, TestRunRequest:SendTestRunMessage: Starting.
TpTrace Verbose: 0 : 79928, 10, 2024/09/28, 16:44:34.195, 359500641667291, vstest.console.dll, MulticastDelegateUtilities.SafeInvoke: TestRun.LogMessages: Invoking callback 1/1 for Microsoft.VisualStudio.TestPlatform.CommandLine.TestRunResultAggregator., took 0 ms.
TpTrace Information: 0 : 79928, 10, 2024/09/28, 16:44:34.195, 359500641674083, vstest.console.dll, TestRunRequest:SendTestRunMessage: Completed.
TpTrace Verbose: 0 : 79928, 10, 2024/09/28, 16:44:34.195, 359500641680625, vstest.console.dll, MulticastDelegateUtilities.SafeInvoke: LengthPrefixCommunicationChannel: MessageReceived: Invoking callback 1/1 for Microsoft.VisualStudio.TestPlatform.CommunicationUtilities.TestRequestSender+<>c__DisplayClass34_0., took 0 ms.
TpTrace Verbose: 0 : 79928, 10, 2024/09/28, 16:44:34.195, 359500641689083, vstest.console.dll, TcpClientExtensions.MessageLoopAsync: Polling on remoteEndPoint: 127.0.0.1:61587 localEndPoint: 127.0.0.1:61586
TpTrace Verbose: 0 : 79928, 4, 2024/09/28, 16:44:34.195, 359500641692250, vstest.console.dll, MulticastDelegateUtilities.SafeInvoke: InternalTestLoggerEvents.SendTestRunMessage: Invoking callback 1/1 for Microsoft.VisualStudio.TestPlatform.CommandLine.Internal.ConsoleLogger., took 0 ms.
TpTrace Verbose: 0 : 79928, 10, 2024/09/28, 16:44:34.799, 359501245698083, vstest.console.dll, TcpClientExtensions.MessageLoopAsync: NotifyDataAvailable remoteEndPoint: 127.0.0.1:61587 localEndPoint: 127.0.0.1:61586
TpTrace Verbose: 0 : 79928, 10, 2024/09/28, 16:44:34.800, 359501245929250, vstest.console.dll, TestRequestSender.OnExecutionMessageReceived: Received message: {"Version":7,"MessageType":"TestExecution.StatsChange","Payload":{"NewTestResults":[{"TestCase":{"Id":"7d234a3f-0d62-3587-af98-297748fb45ac","FullyQualifiedName":"YouTube.UnitTests.Commands.ConfirmEmailRequest.ConfirmEmailThrowExceptionTests.ConfirmEmailHandler_ThrowsValidationException_ForInvalidIdRequest","DisplayName":"YouTube.UnitTests.Commands.ConfirmEmailRequest.ConfirmEmailThrowExceptionTests.ConfirmEmailHandler_ThrowsValidationException_ForInvalidIdRequest","ExecutorUri":"executor://xunit/VsTestRunner2/netcoreapp","Source":"/Users/jinx/Documents/YouTube.NET/backend/YouTube/YouTube.UnitTests/bin/Debug/net8.0/YouTube.UnitTests.dll","CodeFilePath":null,"LineNumber":0,"Properties":[]},"Attachments":[],"Outcome":1,"ErrorMessage":null,"ErrorStackTrace":null,"DisplayName":"YouTube.UnitTests.Commands.ConfirmEmailRequest.ConfirmEmailThrowExceptionTests.ConfirmEmailHandler_ThrowsValidationException_ForInvalidIdRequest","Messages":[],"ComputerName":"MacBook-Pro-Danil-3","Duration":"00:00:00.4888869","StartTime":"2024-09-28T13:44:34.707778+00:00","EndTime":"2024-09-28T13:44:34.707787+00:00","Properties":[]},{"TestCase":{"Id":"68285d04-03b9-b7af-738a-3fcabe96b28e","FullyQualifiedName":"YouTube.UnitTests.Commands.ConfirmEmailRequest.ConfirmEmailThrowExceptionTests.ConfirmEmailHandler_ThrowsNotFoundException_ForInvalidEmailRequest","DisplayName":"YouTube.UnitTests.Commands.ConfirmEmailRequest.ConfirmEmailThrowExceptionTests.ConfirmEmailHandler_ThrowsNotFoundException_ForInvalidEmailRequest","ExecutorUri":"executor://xunit/VsTestRunner2/netcoreapp","Source":"/Users/jinx/Documents/YouTube.NET/backend/YouTube/YouTube.UnitTests/bin/Debug/net8.0/YouTube.UnitTests.dll","CodeFilePath":null,"LineNumber":0,"Properties":[]},"Attachments":[],"Outcome":1,"ErrorMessage":null,"ErrorStackTrace":null,"DisplayName":"YouTube.UnitTests.Commands.ConfirmEmailRequest.ConfirmEmailThrowExceptionTests.ConfirmEmailHandler_ThrowsNotFoundException_ForInvalidEmailRequest","Messages":[],"ComputerName":"MacBook-Pro-Danil-3","Duration":"00:00:00.0705027","StartTime":"2024-09-28T13:44:34.778371+00:00","EndTime":"2024-09-28T13:44:34.778371+00:00","Properties":[]},{"TestCase":{"Id":"309d8425-f832-c102-bd3e-313ab1deb005","FullyQualifiedName":"YouTube.UnitTests.Commands.ConfirmEmailRequest.PostConfirmEmailHandlerTest.ConfirmEmailHandler_Success","DisplayName":"YouTube.UnitTests.Commands.ConfirmEmailRequest.PostConfirmEmailHandlerTest.ConfirmEmailHandler_Success","ExecutorUri":"executor://xunit/VsTestRunner2/netcoreapp","Source":"/Users/jinx/Documents/YouTube.NET/backend/YouTube/YouTube.UnitTests/bin/Debug/net8.0/YouTube.UnitTests.dll","CodeFilePath":null,"LineNumber":0,"Properties":[]},"Attachments":[],"Outcome":1,"ErrorMessage":null,"ErrorStackTrace":null,"DisplayName":"YouTube.UnitTests.Commands.ConfirmEmailRequest.PostConfirmEmailHandlerTest.ConfirmEmailHandler_Success","Messages":[],"ComputerName":"MacBook-Pro-Danil-3","Duration":"00:00:00.5610719","StartTime":"2024-09-28T13:44:34.77946+00:00","EndTime":"2024-09-28T13:44:34.77946+00:00","Properties":[]},{"TestCase":{"Id":"1e95d6ea-f5e1-fc0e-4503-85409e53c3bb","FullyQualifiedName":"YouTube.UnitTests.Commands.AuthRequest.AuthHandlerThrowExceptionTests.AuthHandler_ThrowBadRequestException_ForBusyEmail","DisplayName":"YouTube.UnitTests.Commands.AuthRequest.AuthHandlerThrowExceptionTests.AuthHandler_ThrowBadRequestException_ForBusyEmail","ExecutorUri":"executor://xunit/VsTestRunner2/netcoreapp","Source":"/Users/jinx/Documents/YouTube.NET/backend/YouTube/YouTube.UnitTests/bin/Debug/net8.0/YouTube.UnitTests.dll","CodeFilePath":null,"LineNumber":0,"Properties":[]},"Attachments":[],"Outcome":1,"ErrorMessage":null,"ErrorStackTrace":null,"DisplayName":"YouTube.UnitTests.Commands.AuthRequest.AuthHandlerThrowExceptionTests.AuthHandler_ThrowBadRequestException_ForBusyEmail","Messages":[],"ComputerName":"MacBook-Pro-Danil-3","Duration":"00:00:00.5610790","StartTime":"2024-09-28T13:44:34.779711+00:00","EndTime":"2024-09-28T13:44:34.779711+00:00","Properties":[]},{"TestCase":{"Id":"06ef86e8-6a82-d16d-b405-5939c442a40c","FullyQualifiedName":"YouTube.UnitTests.Commands.AuthRequest.PostLoginHandlerTest.LoginHandler_Success","DisplayName":"YouTube.UnitTests.Commands.AuthRequest.PostLoginHandlerTest.LoginHandler_Success","ExecutorUri":"executor://xunit/VsTestRunner2/netcoreapp","Source":"/Users/jinx/Documents/YouTube.NET/backend/YouTube/YouTube.UnitTests/bin/Debug/net8.0/YouTube.UnitTests.dll","CodeFilePath":null,"LineNumber":0,"Properties":[]},"Attachments":[],"Outcome":1,"ErrorMessage":null,"ErrorStackTrace":null,"DisplayName":"YouTube.UnitTests.Commands.AuthRequest.PostLoginHandlerTest.LoginHandler_Success","Messages":[],"ComputerName":"MacBook-Pro-Danil-3","Duration":"00:00:00.5629798","StartTime":"2024-09-28T13:44:34.780463+00:00","EndTime":"2024-09-28T13:44:34.780463+00:00","Properties":[]},{"TestCase":{"Id":"f55234fb-11a5-37c2-cdff-c55d608ef90d","FullyQualifiedName":"YouTube.UnitTests.Commands.AuthRequest.LoginHandlerThrowExceptionTests.LoginHandler_Failure_WrongPassword","DisplayName":"YouTube.UnitTests.Commands.AuthRequest.LoginHandlerThrowExceptionTests.LoginHandler_Failure_WrongPassword","ExecutorUri":"executor://xunit/VsTestRunner2/netcoreapp","Source":"/Users/jinx/Documents/YouTube.NET/backend/YouTube/YouTube.UnitTests/bin/Debug/net8.0/YouTube.UnitTests.dll","CodeFilePath":null,"LineNumber":0,"Properties":[]},"Attachments":[],"Outcome":1,"ErrorMessage":null,"ErrorStackTrace":null,"DisplayName":"YouTube.UnitTests.Commands.AuthRequest.LoginHandlerThrowExceptionTests.LoginHandler_Failure_WrongPassword","Messages":[],"ComputerName":"MacBook-Pro-Danil-3","Duration":"00:00:00.5630160","StartTime":"2024-09-28T13:44:34.780675+00:00","EndTime":"2024-09-28T13:44:34.780675+00:00","Properties":[]}],"TestRunStatistics":{"ExecutedTests":6,"Stats":{"Passed":6}},"ActiveTests":[{"Id":"ad8caff5-55e0-735d-c83d-4959afca07bb","FullyQualifiedName":"YouTube.UnitTests.Commands.AuthRequest.PostAuthHandlerTest.AuthHandler_Success","DisplayName":"YouTube.UnitTests.Commands.AuthRequest.PostAuthHandlerTest.AuthHandler_Success","ExecutorUri":"executor://xunit/VsTestRunner2/netcoreapp","Source":"/Users/jinx/Documents/YouTube.NET/backend/YouTube/YouTube.UnitTests/bin/Debug/net8.0/YouTube.UnitTests.dll","CodeFilePath":null,"LineNumber":0,"Properties":[]},{"Id":"0b59712c-3267-b4a8-2824-5998e16d5dbb","FullyQualifiedName":"YouTube.UnitTests.Commands.ConfirmEmailRequest.ConfirmEmailThrowExceptionTests.ConfirmEmailHandler_ThrowsValidationException_ForInvalidEmailRequest","DisplayName":"YouTube.UnitTests.Commands.ConfirmEmailRequest.ConfirmEmailThrowExceptionTests.ConfirmEmailHandler_ThrowsValidationException_ForInvalidEmailRequest","ExecutorUri":"executor://xunit/VsTestRunner2/netcoreapp","Source":"/Users/jinx/Documents/YouTube.NET/backend/YouTube/YouTube.UnitTests/bin/Debug/net8.0/YouTube.UnitTests.dll","CodeFilePath":null,"LineNumber":0,"Properties":[]},{"Id":"31e26cff-b963-e6c7-fda1-8babbf64e1d2","FullyQualifiedName":"YouTube.UnitTests.Commands.AuthRequest.AuthHandlerThrowExceptionTests.AuthHandler_ThrowValidationException_ForInvalidRequest","DisplayName":"YouTube.UnitTests.Commands.AuthRequest.AuthHandlerThrowExceptionTests.AuthHandler_ThrowValidationException_ForInvalidRequest","ExecutorUri":"executor://xunit/VsTestRunner2/netcoreapp","Source":"/Users/jinx/Documents/YouTube.NET/backend/YouTube/YouTube.UnitTests/bin/Debug/net8.0/YouTube.UnitTests.dll","CodeFilePath":null,"LineNumber":0,"Properties":[]},{"Id":"b2264b46-0cfe-eb00-7e5e-01f0efa5c386","FullyQualifiedName":"YouTube.UnitTests.Commands.AuthRequest.LoginHandlerThrowExceptionTests.LoginHandler_ThrowValidationException_ForInvalidRequest","DisplayName":"YouTube.UnitTests.Commands.AuthRequest.LoginHandlerThrowExceptionTests.LoginHandler_ThrowValidationException_ForInvalidRequest","ExecutorUri":"executor://xunit/VsTestRunner2/netcoreapp","Source":"/Users/jinx/Documents/YouTube.NET/backend/YouTube/YouTube.UnitTests/bin/Debug/net8.0/YouTube.UnitTests.dll","CodeFilePath":null,"LineNumber":0,"Properties":[]}]}}
TpTrace Verbose: 0 : 79928, 10, 2024/09/28, 16:44:34.809, 359501255280125, vstest.console.dll, TestRunRequest:SendTestRunStatsChange: Starting.
TpTrace Verbose: 0 : 79928, 10, 2024/09/28, 16:44:34.809, 359501255336041, vstest.console.dll, InProgress is YouTube.UnitTests.Commands.AuthRequest.PostAuthHandlerTest.AuthHandler_Success
TpTrace Verbose: 0 : 79928, 10, 2024/09/28, 16:44:34.809, 359501255345583, vstest.console.dll, InProgress is YouTube.UnitTests.Commands.ConfirmEmailRequest.ConfirmEmailThrowExceptionTests.ConfirmEmailHandler_ThrowsValidationException_ForInvalidEmailRequest
TpTrace Verbose: 0 : 79928, 10, 2024/09/28, 16:44:34.809, 359501255354416, vstest.console.dll, InProgress is YouTube.UnitTests.Commands.AuthRequest.AuthHandlerThrowExceptionTests.AuthHandler_ThrowValidationException_ForInvalidRequest
TpTrace Verbose: 0 : 79928, 10, 2024/09/28, 16:44:34.809, 359501255368666, vstest.console.dll, InProgress is YouTube.UnitTests.Commands.AuthRequest.LoginHandlerThrowExceptionTests.LoginHandler_ThrowValidationException_ForInvalidRequest
TpTrace Verbose: 0 : 79928, 10, 2024/09/28, 16:44:34.809, 359501255447666, vstest.console.dll, MulticastDelegateUtilities.SafeInvoke: TestRun.RunStatsChanged: Invoking callbacks was skipped because there are no subscribers.
TpTrace Information: 0 : 79928, 10, 2024/09/28, 16:44:34.809, 359501255457291, vstest.console.dll, TestRunRequest:SendTestRunStatsChange: Completed.
TpTrace Verbose: 0 : 79928, 10, 2024/09/28, 16:44:34.809, 359501255466250, vstest.console.dll, MulticastDelegateUtilities.SafeInvoke: LengthPrefixCommunicationChannel: MessageReceived: Invoking callback 1/1 for Microsoft.VisualStudio.TestPlatform.CommunicationUtilities.TestRequestSender+<>c__DisplayClass34_0., took 9 ms.
TpTrace Verbose: 0 : 79928, 10, 2024/09/28, 16:44:34.809, 359501255475458, vstest.console.dll, TcpClientExtensions.MessageLoopAsync: Polling on remoteEndPoint: 127.0.0.1:61587 localEndPoint: 127.0.0.1:61586
TpTrace Verbose: 0 : 79928, 10, 2024/09/28, 16:44:34.809, 359501255489541, vstest.console.dll, TcpClientExtensions.MessageLoopAsync: NotifyDataAvailable remoteEndPoint: 127.0.0.1:61587 localEndPoint: 127.0.0.1:61586
TpTrace Verbose: 0 : 79928, 10, 2024/09/28, 16:44:34.809, 359501255526916, vstest.console.dll, TestRequestSender.OnExecutionMessageReceived: Received message: {"Version":7,"MessageType":"TestSession.Message","Payload":{"MessageLevel":0,"Message":"[xUnit.net 00:00:01.09]   Finished:    YouTube.UnitTests"}}
TpTrace Verbose: 0 : 79928, 10, 2024/09/28, 16:44:34.809, 359501255557791, vstest.console.dll, TestRunRequest:SendTestRunMessage: Starting.
TpTrace Verbose: 0 : 79928, 10, 2024/09/28, 16:44:34.809, 359501255571625, vstest.console.dll, MulticastDelegateUtilities.SafeInvoke: TestRun.LogMessages: Invoking callback 1/1 for Microsoft.VisualStudio.TestPlatform.CommandLine.TestRunResultAggregator., took 0 ms.
TpTrace Information: 0 : 79928, 10, 2024/09/28, 16:44:34.809, 359501255577291, vstest.console.dll, TestRunRequest:SendTestRunMessage: Completed.
TpTrace Verbose: 0 : 79928, 10, 2024/09/28, 16:44:34.809, 359501255582083, vstest.console.dll, MulticastDelegateUtilities.SafeInvoke: LengthPrefixCommunicationChannel: MessageReceived: Invoking callback 1/1 for Microsoft.VisualStudio.TestPlatform.CommunicationUtilities.TestRequestSender+<>c__DisplayClass34_0., took 0 ms.
TpTrace Verbose: 0 : 79928, 10, 2024/09/28, 16:44:34.809, 359501255586958, vstest.console.dll, TcpClientExtensions.MessageLoopAsync: Polling on remoteEndPoint: 127.0.0.1:61587 localEndPoint: 127.0.0.1:61586
TpTrace Verbose: 0 : 79928, 4, 2024/09/28, 16:44:34.811, 359501257638583, vstest.console.dll, MulticastDelegateUtilities.SafeInvoke: InternalTestLoggerEvents.SendTestResult: Invoking callback 1/1 for Microsoft.VisualStudio.TestPlatform.CommandLine.Internal.ConsoleLogger., took 2 ms.
TpTrace Verbose: 0 : 79928, 4, 2024/09/28, 16:44:34.812, 359501257764250, vstest.console.dll, MulticastDelegateUtilities.SafeInvoke: InternalTestLoggerEvents.SendTestResult: Invoking callback 1/1 for Microsoft.VisualStudio.TestPlatform.CommandLine.Internal.ConsoleLogger., took 0 ms.
TpTrace Verbose: 0 : 79928, 4, 2024/09/28, 16:44:34.812, 359501257804500, vstest.console.dll, MulticastDelegateUtilities.SafeInvoke: InternalTestLoggerEvents.SendTestResult: Invoking callback 1/1 for Microsoft.VisualStudio.TestPlatform.CommandLine.Internal.ConsoleLogger., took 0 ms.
TpTrace Verbose: 0 : 79928, 4, 2024/09/28, 16:44:34.812, 359501257826750, vstest.console.dll, MulticastDelegateUtilities.SafeInvoke: InternalTestLoggerEvents.SendTestResult: Invoking callback 1/1 for Microsoft.VisualStudio.TestPlatform.CommandLine.Internal.ConsoleLogger., took 0 ms.
TpTrace Verbose: 0 : 79928, 4, 2024/09/28, 16:44:34.812, 359501257844583, vstest.console.dll, MulticastDelegateUtilities.SafeInvoke: InternalTestLoggerEvents.SendTestResult: Invoking callback 1/1 for Microsoft.VisualStudio.TestPlatform.CommandLine.Internal.ConsoleLogger., took 0 ms.
TpTrace Verbose: 0 : 79928, 4, 2024/09/28, 16:44:34.812, 359501257864250, vstest.console.dll, MulticastDelegateUtilities.SafeInvoke: InternalTestLoggerEvents.SendTestResult: Invoking callback 1/1 for Microsoft.VisualStudio.TestPlatform.CommandLine.Internal.ConsoleLogger., took 0 ms.
TpTrace Verbose: 0 : 79928, 4, 2024/09/28, 16:44:34.812, 359501257880541, vstest.console.dll, MulticastDelegateUtilities.SafeInvoke: InternalTestLoggerEvents.SendTestRunMessage: Invoking callback 1/1 for Microsoft.VisualStudio.TestPlatform.CommandLine.Internal.ConsoleLogger., took 0 ms.
TpTrace Verbose: 0 : 79928, 10, 2024/09/28, 16:44:34.837, 359501283416666, vstest.console.dll, TcpClientExtensions.MessageLoopAsync: NotifyDataAvailable remoteEndPoint: 127.0.0.1:61587 localEndPoint: 127.0.0.1:61586
TpTrace Verbose: 0 : 79928, 10, 2024/09/28, 16:44:34.837, 359501283552958, vstest.console.dll, TestRequestSender.OnExecutionMessageReceived: Received message: {"Version":7,"MessageType":"TestExecution.Completed","Payload":{"TestRunCompleteArgs":{"TestRunStatistics":{"ExecutedTests":11,"Stats":{"Passed":11}},"IsCanceled":false,"IsAborted":false,"Error":null,"AttachmentSets":[],"InvokedDataCollectors":[],"ElapsedTimeInRunningTests":"00:00:01.0965633","Metrics":{},"DiscoveredExtensions":{"TestDiscoverers":["Xunit.Runner.VisualStudio.VsTestRunner, xunit.runner.visualstudio.dotnetcore.testadapter, Version=2.4.0.0, Culture=neutral, PublicKeyToken=8d05b1bb7a6fdb6c"],"TestExecutors":["executor://xunit/VsTestRunner2/netcoreapp"],"TestExecutors2":[],"TestSettingsProviders":[]}},"LastRunTests":{"NewTestResults":[{"TestCase":{"Id":"0b59712c-3267-b4a8-2824-5998e16d5dbb","FullyQualifiedName":"YouTube.UnitTests.Commands.ConfirmEmailRequest.ConfirmEmailThrowExceptionTests.ConfirmEmailHandler_ThrowsValidationException_ForInvalidEmailRequest","DisplayName":"YouTube.UnitTests.Commands.ConfirmEmailRequest.ConfirmEmailThrowExceptionTests.ConfirmEmailHandler_ThrowsValidationException_ForInvalidEmailRequest","ExecutorUri":"executor://xunit/VsTestRunner2/netcoreapp","Source":"/Users/jinx/Documents/YouTube.NET/backend/YouTube/YouTube.UnitTests/bin/Debug/net8.0/YouTube.UnitTests.dll","CodeFilePath":null,"LineNumber":0,"Properties":[]},"Attachments":[],"Outcome":1,"ErrorMessage":null,"ErrorStackTrace":null,"DisplayName":"YouTube.UnitTests.Commands.ConfirmEmailRequest.ConfirmEmailThrowExceptionTests.ConfirmEmailHandler_ThrowsValidationException_ForInvalidEmailRequest","Messages":[],"ComputerName":"MacBook-Pro-Danil-3","Duration":"00:00:00.0026461","StartTime":"2024-09-28T13:44:34.800158+00:00","EndTime":"2024-09-28T13:44:34.800158+00:00","Properties":[]},{"TestCase":{"Id":"31e26cff-b963-e6c7-fda1-8babbf64e1d2","FullyQualifiedName":"YouTube.UnitTests.Commands.AuthRequest.AuthHandlerThrowExceptionTests.AuthHandler_ThrowValidationException_ForInvalidRequest","DisplayName":"YouTube.UnitTests.Commands.AuthRequest.AuthHandlerThrowExceptionTests.AuthHandler_ThrowValidationException_ForInvalidRequest","ExecutorUri":"executor://xunit/VsTestRunner2/netcoreapp","Source":"/Users/jinx/Documents/YouTube.NET/backend/YouTube/YouTube.UnitTests/bin/Debug/net8.0/YouTube.UnitTests.dll","CodeFilePath":null,"LineNumber":0,"Properties":[]},"Attachments":[],"Outcome":1,"ErrorMessage":null,"ErrorStackTrace":null,"DisplayName":"YouTube.UnitTests.Commands.AuthRequest.AuthHandlerThrowExceptionTests.AuthHandler_ThrowValidationException_ForInvalidRequest","Messages":[],"ComputerName":"MacBook-Pro-Danil-3","Duration":"00:00:00.0087559","StartTime":"2024-09-28T13:44:34.800397+00:00","EndTime":"2024-09-28T13:44:34.800397+00:00","Properties":[]},{"TestCase":{"Id":"b2264b46-0cfe-eb00-7e5e-01f0efa5c386","FullyQualifiedName":"YouTube.UnitTests.Commands.AuthRequest.LoginHandlerThrowExceptionTests.LoginHandler_ThrowValidationException_ForInvalidRequest","DisplayName":"YouTube.UnitTests.Commands.AuthRequest.LoginHandlerThrowExceptionTests.LoginHandler_ThrowValidationException_ForInvalidRequest","ExecutorUri":"executor://xunit/VsTestRunner2/netcoreapp","Source":"/Users/jinx/Documents/YouTube.NET/backend/YouTube/YouTube.UnitTests/bin/Debug/net8.0/YouTube.UnitTests.dll","CodeFilePath":null,"LineNumber":0,"Properties":[]},"Attachments":[],"Outcome":1,"ErrorMessage":null,"ErrorStackTrace":null,"DisplayName":"YouTube.UnitTests.Commands.AuthRequest.LoginHandlerThrowExceptionTests.LoginHandler_ThrowValidationException_ForInvalidRequest","Messages":[],"ComputerName":"MacBook-Pro-Danil-3","Duration":"00:00:00.0079625","StartTime":"2024-09-28T13:44:34.800576+00:00","EndTime":"2024-09-28T13:44:34.800576+00:00","Properties":[]},{"TestCase":{"Id":"e469d6a2-5dba-5209-6b5b-b86378c52ce6","FullyQualifiedName":"YouTube.UnitTests.Commands.AuthRequest.LoginHandlerThrowExceptionTests.LoginHandler_ThrowNotFoundException_ForInvalidEmail","DisplayName":"YouTube.UnitTests.Commands.AuthRequest.LoginHandlerThrowExceptionTests.LoginHandler_ThrowNotFoundException_ForInvalidEmail","ExecutorUri":"executor://xunit/VsTestRunner2/netcoreapp","Source":"/Users/jinx/Documents/YouTube.NET/backend/YouTube/YouTube.UnitTests/bin/Debug/net8.0/YouTube.UnitTests.dll","CodeFilePath":null,"LineNumber":0,"Properties":[]},"Attachments":[],"Outcome":1,"ErrorMessage":null,"ErrorStackTrace":null,"DisplayName":"YouTube.UnitTests.Commands.AuthRequest.LoginHandlerThrowExceptionTests.LoginHandler_ThrowNotFoundException_ForInvalidEmail","Messages":[],"ComputerName":"MacBook-Pro-Danil-3","Duration":"00:00:00.0020854","StartTime":"2024-09-28T13:44:34.801072+00:00","EndTime":"2024-09-28T13:44:34.801072+00:00","Properties":[]},{"TestCase":{"Id":"ad8caff5-55e0-735d-c83d-4959afca07bb","FullyQualifiedName":"YouTube.UnitTests.Commands.AuthRequest.PostAuthHandlerTest.AuthHandler_Success","DisplayName":"YouTube.UnitTests.Commands.AuthRequest.PostAuthHandlerTest.AuthHandler_Success","ExecutorUri":"executor://xunit/VsTestRunner2/netcoreapp","Source":"/Users/jinx/Documents/YouTube.NET/backend/YouTube/YouTube.UnitTests/bin/Debug/net8.0/YouTube.UnitTests.dll","CodeFilePath":null,"LineNumber":0,"Properties":[]},"Attachments":[],"Outcome":1,"ErrorMessage":null,"ErrorStackTrace":null,"DisplayName":"YouTube.UnitTests.Commands.AuthRequest.PostAuthHandlerTest.AuthHandler_Success","Messages":[],"ComputerName":"MacBook-Pro-Danil-3","Duration":"00:00:00.5896315","StartTime":"2024-09-28T13:44:34.807136+00:00","EndTime":"2024-09-28T13:44:34.807136+00:00","Properties":[]}],"TestRunStatistics":{"ExecutedTests":11,"Stats":{"Passed":11}},"ActiveTests":[]},"RunAttachments":[],"ExecutorUris":["executor://xunit/VsTestRunner2/netcoreapp"]}}
TpTrace Verbose: 0 : 79928, 10, 2024/09/28, 16:44:34.837, 359501283602250, vstest.console.dll, TestRequestSender.EndSession: Sending end session.
TpTrace Verbose: 0 : 79928, 10, 2024/09/28, 16:44:34.837, 359501283689416, vstest.console.dll, ProxyOperationManager.Close: waiting for test host to exit for 100 ms
TpTrace Verbose: 0 : 79928, 5, 2024/09/28, 16:44:34.845, 359501291653000, vstest.console.dll, TestHostManagerCallbacks.ctor: Experimental forwarding output is disabled.
TpTrace Warning: 0 : 79928, 5, 2024/09/28, 16:44:34.845, 359501291685583, vstest.console.dll, TestHostManagerCallbacks.ErrorReceivedCallback Test host standard error line: 
TpTrace Verbose: 0 : 79928, 11, 2024/09/28, 16:44:34.846, 359501292441541, vstest.console.dll, TestHostProvider.ExitCallBack: Host exited starting callback.
TpTrace Information: 0 : 79928, 11, 2024/09/28, 16:44:34.846, 359501292480291, vstest.console.dll, TestHostManagerCallbacks.ExitCallBack: Testhost processId: 79939 exited with exitcode: 0 error: ''
TpTrace Verbose: 0 : 79928, 11, 2024/09/28, 16:44:34.846, 359501292492125, vstest.console.dll, DotnetTestHostManager.OnHostExited: invoking OnHostExited callback
TpTrace Verbose: 0 : 79928, 11, 2024/09/28, 16:44:34.846, 359501292511375, vstest.console.dll, CrossPlatEngine.TestHostManagerHostExited: calling on client process exit callback.
TpTrace Information: 0 : 79928, 11, 2024/09/28, 16:44:34.846, 359501292529916, vstest.console.dll, TestRequestSender.OnClientProcessExit: Test host process exited. Standard error: 
TpTrace Information: 0 : 79928, 11, 2024/09/28, 16:44:34.846, 359501292547750, vstest.console.dll, SocketServer.Stop: Stop server endPoint: 127.0.0.1:61586
TpTrace Information: 0 : 79928, 11, 2024/09/28, 16:44:34.846, 359501292579875, vstest.console.dll, SocketServer.Stop: Cancellation requested. Stopping message loop.
TpTrace Information: 0 : 79928, 10, 2024/09/28, 16:44:34.846, 359501292549875, vstest.console.dll, SocketServer.Stop: Stop server endPoint: 127.0.0.1:61586
TpTrace Information: 0 : 79928, 10, 2024/09/28, 16:44:34.846, 359501292610416, vstest.console.dll, SocketServer.Stop: Cancellation requested. Stopping message loop.
TpTrace Information: 0 : 79928, 10, 2024/09/28, 16:44:34.846, 359501292627083, vstest.console.dll, Closing the connection
TpTrace Verbose: 0 : 79928, 11, 2024/09/28, 16:44:34.846, 359501292633916, vstest.console.dll, MulticastDelegateUtilities.SafeInvoke: HostProviderEvents.OnHostExited: Invoking callback 1/1 for Microsoft.VisualStudio.TestPlatform.CrossPlatEngine.Client.ProxyOperationManager., took 0 ms.
TpTrace Verbose: 0 : 79928, 10, 2024/09/28, 16:44:34.848, 359501294332500, vstest.console.dll, ProxyDataCollectionManager.InvokeDataCollectionServiceAction: Starting.
TpTrace Information: 0 : 79928, 10, 2024/09/28, 16:44:34.848, 359501294352666, vstest.console.dll, ProxyDataCollectionManager.AfterTestRunEnd: Get attachment set and invoked data collectors processId: 79931 port: 61584
TpTrace Verbose: 0 : 79928, 10, 2024/09/28, 16:44:34.848, 359501294369791, vstest.console.dll, DataCollectionRequestSender.SendAfterTestRunStartAndGetResult: Send AfterTestRunEnd message with isCancelled: False
TpTrace Verbose: 0 : 79928, 10, 2024/09/28, 16:44:35.012, 359501458323208, vstest.console.dll, DataCollectionRequestSender.SendAfterTestRunStartAndGetResult: Received message: (DataCollection.AfterTestRunEndResult) -> {"MessageType":"DataCollection.AfterTestRunEndResult","Payload":{"AttachmentSets":[{"Uri":"datacollector://Microsoft/CoverletCodeCoverage/1.0","DisplayName":"XPlat code coverage","Attachments":[{"Description":"","Uri":"file:///Users/jinx/Documents/YouTube.NET/backend/YouTube/YouTube.UnitTests/TestResults/ae42a601-065b-4659-a862-a90352d3c3da/coverage.opencover.xml"}]}],"InvokedDataCollectors":[{"Uri":"datacollector://Microsoft/CoverletCodeCoverage/1.0","FriendlyName":"XPlat code coverage","AssemblyQualifiedName":"Coverlet.Collector.DataCollection.CoverletCoverageCollector, coverlet.collector, Version=6.0.0.0, Culture=neutral, PublicKeyToken=4beb1ad7f05a1c71","FilePath":"/Users/jinx/.nuget/packages/coverlet.collector/6.0.2/build/netstandard2.0/coverlet.collector.dll","HasAttachmentProcessor":false}],"Metrics":{}}}
TpTrace Information: 0 : 79928, 10, 2024/09/28, 16:44:35.015, 359501461635416, vstest.console.dll, ProxyDataCollectionManager.InvokeDataCollectionServiceAction: Completed.
TpTrace Warning: 0 : 79928, 11, 2024/09/28, 16:44:35.018, 359501464494791, vstest.console.dll, DataCollectionLauncher.ErrorReceivedCallback datacollector standard error line: 
TpTrace Information: 0 : 79928, 11, 2024/09/28, 16:44:35.018, 359501464576500, vstest.console.dll, DataCollectionLauncher.ExitCallBack: Data collector exited with exitcode: 0 error: ''
TpTrace Verbose: 0 : 79928, 10, 2024/09/28, 16:44:35.027, 359501473467041, vstest.console.dll, TestRunRequest:SendTestRunStatsChange: Starting.
TpTrace Verbose: 0 : 79928, 10, 2024/09/28, 16:44:35.027, 359501473512166, vstest.console.dll, MulticastDelegateUtilities.SafeInvoke: TestRun.RunStatsChanged: Invoking callbacks was skipped because there are no subscribers.
TpTrace Information: 0 : 79928, 10, 2024/09/28, 16:44:35.027, 359501473526250, vstest.console.dll, TestRunRequest:SendTestRunStatsChange: Completed.
TpTrace Verbose: 0 : 79928, 4, 2024/09/28, 16:44:35.027, 359501473576375, vstest.console.dll, MulticastDelegateUtilities.SafeInvoke: InternalTestLoggerEvents.SendTestResult: Invoking callback 1/1 for Microsoft.VisualStudio.TestPlatform.CommandLine.Internal.ConsoleLogger., took 0 ms.
TpTrace Verbose: 0 : 79928, 4, 2024/09/28, 16:44:35.027, 359501473646166, vstest.console.dll, MulticastDelegateUtilities.SafeInvoke: InternalTestLoggerEvents.SendTestResult: Invoking callback 1/1 for Microsoft.VisualStudio.TestPlatform.CommandLine.Internal.ConsoleLogger., took 0 ms.
TpTrace Verbose: 0 : 79928, 4, 2024/09/28, 16:44:35.027, 359501473666416, vstest.console.dll, MulticastDelegateUtilities.SafeInvoke: InternalTestLoggerEvents.SendTestResult: Invoking callback 1/1 for Microsoft.VisualStudio.TestPlatform.CommandLine.Internal.ConsoleLogger., took 0 ms.
TpTrace Verbose: 0 : 79928, 4, 2024/09/28, 16:44:35.027, 359501473683875, vstest.console.dll, MulticastDelegateUtilities.SafeInvoke: InternalTestLoggerEvents.SendTestResult: Invoking callback 1/1 for Microsoft.VisualStudio.TestPlatform.CommandLine.Internal.ConsoleLogger., took 0 ms.
TpTrace Verbose: 0 : 79928, 4, 2024/09/28, 16:44:35.027, 359501473701458, vstest.console.dll, MulticastDelegateUtilities.SafeInvoke: InternalTestLoggerEvents.SendTestResult: Invoking callback 1/1 for Microsoft.VisualStudio.TestPlatform.CommandLine.Internal.ConsoleLogger., took 0 ms.
TpTrace Verbose: 0 : 79928, 10, 2024/09/28, 16:44:35.027, 359501473726000, vstest.console.dll, ParallelProxyExecutionManager: HandlePartialRunComplete: Total workloads = 1, Total started clients = 1 Total completed clients = 1, Run complete = True, Run canceled: False.
TpTrace Verbose: 0 : 79928, 10, 2024/09/28, 16:44:35.028, 359501473741708, vstest.console.dll, ParallelProxyExecutionManager: HandlePartialRunComplete: All runs completed stopping all managers.
TpTrace Verbose: 0 : 79928, 10, 2024/09/28, 16:44:35.028, 359501473758750, vstest.console.dll, ParallelOperationManager.StopAllManagers: Stopping all managers.
TpTrace Verbose: 0 : 79928, 10, 2024/09/28, 16:44:35.028, 359501473767041, vstest.console.dll, ParallelOperationManager.ClearSlots: Clearing all slots. Slots should accept more work: False
TpTrace Verbose: 0 : 79928, 10, 2024/09/28, 16:44:35.028, 359501473797416, vstest.console.dll, ParallelOperationManager.SetOccupiedSlotCount: Setting slot counts AvailableSlotCount = 1, OccupiedSlotCount = 0.
TpTrace Verbose: 0 : 79928, 10, 2024/09/28, 16:44:35.028, 359501473817000, vstest.console.dll, Occupied slots:

TpTrace Information: 0 : 79928, 11, 2024/09/28, 16:44:35.029, 359501474811708, vstest.console.dll, DataCollectorAttachmentsProcessorsFactory: Collector attachment processor 'Microsoft.VisualStudio.TestPlatform.Utilities.CodeCoverageDataAttachmentsHandler, Microsoft.TestPlatform.Utilities, Version=15.0.0.0, Culture=neutral, PublicKeyToken=b03f5f7f11d50a3a' for the data collector with friendly name 'Code Coverage' added to the 'run list'
TpTrace Information: 0 : 79928, 11, 2024/09/28, 16:44:35.029, 359501474847833, vstest.console.dll, DataCollectorAttachmentsProcessorsFactory: Valid data collector attachment processor found: 'Microsoft.VisualStudio.TestPlatform.Utilities.CodeCoverageDataAttachmentsHandler, Microsoft.TestPlatform.Utilities, Version=15.0.0.0, Culture=neutral, PublicKeyToken=b03f5f7f11d50a3a'
TpTrace Verbose: 0 : 79928, 4, 2024/09/28, 16:44:35.035, 359501481186041, vstest.console.dll, MulticastDelegateUtilities.SafeInvoke: InternalTestLoggerEvents.SendTestRunComplete: Invoking callback 1/1 for Microsoft.VisualStudio.TestPlatform.CommandLine.Internal.ConsoleLogger., took 2 ms.
TpTrace Verbose: 0 : 79928, 10, 2024/09/28, 16:44:35.035, 359501481313333, vstest.console.dll, TestRunRequest:TestRunComplete: Starting. IsAborted:False IsCanceled:False.
TpTrace Verbose: 0 : 79928, 10, 2024/09/28, 16:44:35.035, 359501481369000, vstest.console.dll, ParallelOperationManager.DoActionOnAllManagers: Calling an action on all managers.
TpTrace Verbose: 0 : 79928, 10, 2024/09/28, 16:44:35.036, 359501481804875, vstest.console.dll, TestLoggerManager.HandleTestRunComplete: Ignoring as the object is disposed.
TpTrace Verbose: 0 : 79928, 10, 2024/09/28, 16:44:35.036, 359501481940083, vstest.console.dll, MulticastDelegateUtilities.SafeInvoke: TestRun.TestRunComplete: Invoking callback 1/2 for Microsoft.VisualStudio.TestPlatform.CommandLine.TestRunResultAggregator., took 0 ms.
TpTrace Verbose: 0 : 79928, 10, 2024/09/28, 16:44:35.036, 359501482006125, vstest.console.dll, ArtifactProcessingManager.CollectArtifacts: Saving data collectors artifacts for post process into /var/folders/nd/1knc8dg55tz8cg6lg11zxd640000gn/T/79926_20986ea0-a4f1-4f91-88d4-f64da3f32e3d
TpTrace Verbose: 0 : 79928, 10, 2024/09/28, 16:44:35.036, 359501482215916, vstest.console.dll, ArtifactProcessingManager.CollectArtifacts: Persist runsettings 
<?xml version="1.0" encoding="utf-16"?>
<RunSettings>
  <DataCollectionRunSettings>
    <DataCollectors>
      <DataCollector friendlyName="XPlat code coverage" enabled="True">
        <Configuration>
          <Format>opencover</Format>
          <Include>
            ../YouTube.Infrastructure/Services/*.cs,
            ../YouTube.Persistence/Repositories/*.cs,
            ../YouTube.Application/Features/*
          </Include>
          <Exclude>
            [*.Tests*],
            [xunit.*],
            ../YouTube.Persistence/Extensions/*,
            ../YouTube.Persistence/Migrations/*,
            ../YouTube.Application/Common/*,
            ../YouTube.Application/Extensions/*,
            ../YouTube.Application/DTOs/*
            ../YouTube.Domain/*
          </Exclude>
        </Configuration>
      </DataCollector>
    </DataCollectors>
  </DataCollectionRunSettings>
  <RunSettingsDirectory>/Users/jinx/Documents/YouTube.NET/.github</RunSettingsDirectory>
  <RunConfiguration>
    <ResultsDirectory>/Users/jinx/Documents/YouTube.NET/backend/YouTube/YouTube.UnitTests/TestResults</ResultsDirectory>
    <TargetPlatform>ARM64</TargetPlatform>
    <TargetFrameworkVersion>.NETCoreApp,Version=v8.0</TargetFrameworkVersion>
    <TestAdaptersPaths>/Users/jinx/.nuget/packages/coverlet.collector/6.0.2/build/netstandard2.0/;/Users/jinx/.nuget/packages/microsoft.codecoverage/17.6.0/build/netstandard2.0/</TestAdaptersPaths>
  </RunConfiguration>
  <InProcDataCollectionRunSettings>
    <InProcDataCollectors>
      <InProcDataCollector assemblyQualifiedName="Coverlet.Collector.DataCollection.CoverletInProcDataCollector, coverlet.collector, Version=1.0.0.0, Culture=neutral, PublicKeyToken=null" friendlyName="XPlat Code Coverage" enabled="True" codebase="/Users/jinx/.nuget/packages/coverlet.collector/6.0.2/build/netstandard2.0/coverlet.collector.dll" />
    </InProcDataCollectors>
  </InProcDataCollectionRunSettings>
  <LoggerRunSettings>
    <Loggers>
      <Logger friendlyName="Console" enabled="True">
        <Configuration>
          <Verbosity>normal</Verbosity>
        </Configuration>
      </Logger>
    </Loggers>
  </LoggerRunSettings>
</RunSettings>
TpTrace Verbose: 0 : 79928, 10, 2024/09/28, 16:44:35.036, 359501482496791, vstest.console.dll, ArtifactProcessingManager.CollectArtifacts: Persist ExecutionComplete message 
{"MessageType":"TestExecution.Completed","Payload":{"TestRunStatistics":{"ExecutedTests":11,"Stats":{"Passed":11}},"IsCanceled":false,"IsAborted":false,"Error":null,"AttachmentSets":[{"Uri":"datacollector://Microsoft/CoverletCodeCoverage/1.0","DisplayName":"XPlat code coverage","Attachments":[{"Description":"","Uri":"file:///Users/jinx/Documents/YouTube.NET/backend/YouTube/YouTube.UnitTests/TestResults/ae42a601-065b-4659-a862-a90352d3c3da/coverage.opencover.xml"}]}],"InvokedDataCollectors":[{"Uri":"datacollector://Microsoft/CoverletCodeCoverage/1.0","FriendlyName":"XPlat code coverage","AssemblyQualifiedName":"Coverlet.Collector.DataCollection.CoverletCoverageCollector, coverlet.collector, Version=6.0.0.0, Culture=neutral, PublicKeyToken=4beb1ad7f05a1c71","FilePath":"/Users/jinx/.nuget/packages/coverlet.collector/6.0.2/build/netstandard2.0/coverlet.collector.dll","HasAttachmentProcessor":false}],"ElapsedTimeInRunningTests":"00:00:03.2090535","Metrics":null,"DiscoveredExtensions":{}}}
TpTrace Verbose: 0 : 79928, 10, 2024/09/28, 16:44:35.036, 359501482636833, vstest.console.dll, ArtifactProcessingManager.CollectArtifacts: Artifacts saved in 00:00:00.0006176
TpTrace Verbose: 0 : 79928, 10, 2024/09/28, 16:44:35.036, 359501482651583, vstest.console.dll, MulticastDelegateUtilities.SafeInvoke: TestRun.TestRunComplete: Invoking callback 2/2 for Microsoft.VisualStudio.TestPlatform.CommandLine.Processors.RunTestsArgumentExecutor+TestRunRequestEventsRegistrar., took 0 ms.
TpTrace Information: 0 : 79928, 10, 2024/09/28, 16:44:35.036, 359501482688750, vstest.console.dll, TestRunRequest:TestRunComplete: Completed.
TpTrace Verbose: 0 : 79928, 10, 2024/09/28, 16:44:35.036, 359501482701375, vstest.console.dll, TestRequestSender.SetOperationComplete: Setting operation complete.
TpTrace Verbose: 0 : 79928, 1, 2024/09/28, 16:44:35.036, 359501482705500, vstest.console.dll, TestRunRequest.Dispose: Starting.
TpTrace Information: 0 : 79928, 10, 2024/09/28, 16:44:35.036, 359501482709125, vstest.console.dll, SocketServer.Stop: Stop server endPoint: 127.0.0.1:61586
TpTrace Information: 0 : 79928, 10, 2024/09/28, 16:44:35.036, 359501482720458, vstest.console.dll, SocketServer.Stop: Cancellation requested. Stopping message loop.
TpTrace Information: 0 : 79928, 1, 2024/09/28, 16:44:35.036, 359501482719666, vstest.console.dll, TestRunRequest.Dispose: Completed.
TpTrace Verbose: 0 : 79928, 10, 2024/09/28, 16:44:35.036, 359501482726875, vstest.console.dll, MulticastDelegateUtilities.SafeInvoke: LengthPrefixCommunicationChannel: MessageReceived: Invoking callback 1/1 for Microsoft.VisualStudio.TestPlatform.CommunicationUtilities.TestRequestSender+<>c__DisplayClass34_0., took 199 ms.
TpTrace Information: 0 : 79928, 1, 2024/09/28, 16:44:35.037, 359501482743333, vstest.console.dll, TestRequestManager.RunTests: run tests completed.
TpTrace Information: 0 : 79928, 10, 2024/09/28, 16:44:35.037, 359501482744083, vstest.console.dll, SocketServer.PrivateStop: Stopping server endPoint: 127.0.0.1:61586 error: 
TpTrace Information: 0 : 79928, 1, 2024/09/28, 16:44:35.037, 359501482794916, vstest.console.dll, RunTestsArgumentProcessor:Execute: Test run is completed.
TpTrace Verbose: 0 : 79928, 10, 2024/09/28, 16:44:35.037, 359501482854166, vstest.console.dll, LengthPrefixCommunicationChannel.Dispose: Dispose reader and writer.
TpTrace Information: 0 : 79928, 10, 2024/09/28, 16:44:35.037, 359501482874916, vstest.console.dll, SocketServer.Stop: Raise disconnected event endPoint: 127.0.0.1:61586 error: 
TpTrace Verbose: 0 : 79928, 10, 2024/09/28, 16:44:35.037, 359501482901666, vstest.console.dll, TestRequestSender: OnTestRunAbort: Operation is already complete. Skip error message.
TpTrace Verbose: 0 : 79928, 10, 2024/09/28, 16:44:35.037, 359501482908041, vstest.console.dll, MulticastDelegateUtilities.SafeInvoke: SocketServer: ClientDisconnected: Invoking callback 1/1 for Microsoft.VisualStudio.TestPlatform.CommunicationUtilities.TestRequestSender., took 0 ms.
TpTrace Verbose: 0 : 79928, 10, 2024/09/28, 16:44:35.037, 359501482915625, vstest.console.dll, TcpClientExtensions.MessageLoopAsync: exiting MessageLoopAsync remoteEndPoint: 127.0.0.1:61587 localEndPoint: 127.0.0.1:61586
TpTrace Verbose: 0 : 79928, 1, 2024/09/28, 16:44:35.037, 359501483007541, vstest.console.dll, Executor.Execute: Exiting with exit code of 0
TpTrace Verbose: 0 : 79946, 1, 2024/09/28, 16:44:35.145, 359501591453000, vstest.console.dll, Version: 17.8.0-release-23523-03 Current process architecture: ARM64
TpTrace Verbose: 0 : 79946, 1, 2024/09/28, 16:44:35.147, 359501593087125, vstest.console.dll, Runtime location: /usr/local/share/dotnet/shared/Microsoft.NETCore.App/8.0.4
TpTrace Verbose: 0 : 79946, 1, 2024/09/28, 16:44:35.147, 359501593358000, vstest.console.dll, TestSessionCorrelationIdProcessorModeProcessorExecutor.Initialize: TestSessionCorrelationId '79926_20986ea0-a4f1-4f91-88d4-f64da3f32e3d'
TpTrace Verbose: 0 : 79946, 1, 2024/09/28, 16:44:35.150, 359501596511875, vstest.console.dll, ArtifactProcessingPostProcessModeProcessorExecutor.Initialize: ArtifactProcessingMode.PostProcess
TpTrace Verbose: 0 : 79946, 6, 2024/09/28, 16:44:35.155, 359501601071541, vstest.console.dll, ArtifactProcessingManager.MergeDataCollectorAttachments: Chosen runsettings 
<?xml version="1.0" encoding="utf-16"?>
<RunSettings>
  <DataCollectionRunSettings>
    <DataCollectors>
      <DataCollector friendlyName="XPlat code coverage" enabled="True">
        <Configuration>
          <Format>opencover</Format>
          <Include>
            ../YouTube.Infrastructure/Services/*.cs,
            ../YouTube.Persistence/Repositories/*.cs,
            ../YouTube.Application/Features/*
          </Include>
          <Exclude>
            [*.Tests*],
            [xunit.*],
            ../YouTube.Persistence/Extensions/*,
            ../YouTube.Persistence/Migrations/*,
            ../YouTube.Application/Common/*,
            ../YouTube.Application/Extensions/*,
            ../YouTube.Application/DTOs/*
            ../YouTube.Domain/*
          </Exclude>
        </Configuration>
      </DataCollector>
    </DataCollectors>
  </DataCollectionRunSettings>
  <RunSettingsDirectory>/Users/jinx/Documents/YouTube.NET/.github</RunSettingsDirectory>
  <RunConfiguration>
    <ResultsDirectory>/Users/jinx/Documents/YouTube.NET/backend/YouTube/YouTube.UnitTests/TestResults</ResultsDirectory>
    <TargetPlatform>ARM64</TargetPlatform>
    <TargetFrameworkVersion>.NETCoreApp,Version=v8.0</TargetFrameworkVersion>
    <TestAdaptersPaths>/Users/jinx/.nuget/packages/coverlet.collector/6.0.2/build/netstandard2.0/;/Users/jinx/.nuget/packages/microsoft.codecoverage/17.6.0/build/netstandard2.0/</TestAdaptersPaths>
  </RunConfiguration>
  <InProcDataCollectionRunSettings>
    <InProcDataCollectors>
      <InProcDataCollector assemblyQualifiedName="Coverlet.Collector.DataCollection.CoverletInProcDataCollector, coverlet.collector, Version=1.0.0.0, Culture=neutral, PublicKeyToken=null" friendlyName="XPlat Code Coverage" enabled="True" codebase="/Users/jinx/.nuget/packages/coverlet.collector/6.0.2/build/netstandard2.0/coverlet.collector.dll" />
    </InProcDataCollectors>
  </InProcDataCollectionRunSettings>
  <LoggerRunSettings>
    <Loggers>
      <Logger friendlyName="Console" enabled="True">
        <Configuration>
          <Verbosity>normal</Verbosity>
        </Configuration>
      </Logger>
    </Loggers>
  </LoggerRunSettings>
</RunSettings>
TpTrace Verbose: 0 : 79946, 6, 2024/09/28, 16:44:35.155, 359501601242708, vstest.console.dll, ArtifactProcessingManager.MergeDataCollectorAttachments: ExecutionComplete message 
{"MessageType":"TestExecution.Completed","Payload":{"TestRunStatistics":{"ExecutedTests":11,"Stats":{"Passed":11}},"IsCanceled":false,"IsAborted":false,"Error":null,"AttachmentSets":[{"Uri":"datacollector://Microsoft/CoverletCodeCoverage/1.0","DisplayName":"XPlat code coverage","Attachments":[{"Description":"","Uri":"file:///Users/jinx/Documents/YouTube.NET/backend/YouTube/YouTube.UnitTests/TestResults/ae42a601-065b-4659-a862-a90352d3c3da/coverage.opencover.xml"}]}],"InvokedDataCollectors":[{"Uri":"datacollector://Microsoft/CoverletCodeCoverage/1.0","FriendlyName":"XPlat code coverage","AssemblyQualifiedName":"Coverlet.Collector.DataCollection.CoverletCoverageCollector, coverlet.collector, Version=6.0.0.0, Culture=neutral, PublicKeyToken=4beb1ad7f05a1c71","FilePath":"/Users/jinx/.nuget/packages/coverlet.collector/6.0.2/build/netstandard2.0/coverlet.collector.dll","HasAttachmentProcessor":false}],"ElapsedTimeInRunningTests":"00:00:03.2090535","Metrics":null,"DiscoveredExtensions":{}}}
TpTrace Information: 0 : 79946, 4, 2024/09/28, 16:44:35.184, 359501629956958, vstest.console.dll, DataCollectorAttachmentsProcessorsFactory: Collector attachment processor 'Microsoft.VisualStudio.TestPlatform.Utilities.CodeCoverageDataAttachmentsHandler, Microsoft.TestPlatform.Utilities, Version=15.0.0.0, Culture=neutral, PublicKeyToken=b03f5f7f11d50a3a' for the data collector with friendly name 'Code Coverage' added to the 'run list'
TpTrace Information: 0 : 79946, 4, 2024/09/28, 16:44:35.184, 359501630038208, vstest.console.dll, DataCollectorAttachmentsProcessorsFactory: Valid data collector attachment processor found: 'Microsoft.VisualStudio.TestPlatform.Utilities.CodeCoverageDataAttachmentsHandler, Microsoft.TestPlatform.Utilities, Version=15.0.0.0, Culture=neutral, PublicKeyToken=b03f5f7f11d50a3a'
TpTrace Verbose: 0 : 79946, 4, 2024/09/28, 16:44:35.188, 359501634400750, vstest.console.dll, ArtifactProcessingManager.PostProcessArtifacts: Directory '/var/folders/nd/1knc8dg55tz8cg6lg11zxd640000gn/T/79926_20986ea0-a4f1-4f91-88d4-f64da3f32e3d' removed.
TpTrace Verbose: 0 : 79946, 1, 2024/09/28, 16:44:35.188, 359501634460958, vstest.console.dll, Executor.Execute: Exiting with exit code of 0
TpTrace Verbose: 0 : 79946, 1, 2024/09/28, 16:44:35.189, 359501635428125, vstest.console.dll, TestPluginCache.DiscoverTestExtensions: finding test extensions in assemblies ends with: RuntimeProvider.dll TPluginInfo: Microsoft.VisualStudio.TestPlatform.Common.ExtensionFramework.Utilities.TestRuntimePluginInformation TExtension: Microsoft.VisualStudio.TestPlatform.ObjectModel.Host.ITestRuntimeProvider
TpTrace Verbose: 0 : 79946, 1, 2024/09/28, 16:44:35.189, 359501635689583, vstest.console.dll, TestPluginCache.GetExtensionPaths: Filtered extension paths: 
TpTrace Verbose: 0 : 79946, 1, 2024/09/28, 16:44:35.189, 359501635718875, vstest.console.dll, TestPluginCache.GetExtensionPaths: Added default extension paths: /usr/local/share/dotnet/sdk/8.0.100/Extensions/Microsoft.VisualStudio.TestPlatform.Extensions.Trx.TestLogger.dll
/usr/local/share/dotnet/sdk/8.0.100/Extensions/Microsoft.Diagnostics.NETCore.Client.dll
/usr/local/share/dotnet/sdk/8.0.100/Extensions/Microsoft.TestPlatform.Extensions.BlameDataCollector.dll
/usr/local/share/dotnet/sdk/8.0.100/Extensions/Microsoft.TestPlatform.TestHostRuntimeProvider.dll
/usr/local/share/dotnet/sdk/8.0.100/Extensions/Microsoft.TestPlatform.Extensions.EventLogCollector.dll
/usr/local/share/dotnet/sdk/8.0.100/Extensions/Microsoft.VisualStudio.TestPlatform.Extensions.Html.TestLogger.dll
TpTrace Verbose: 0 : 79946, 1, 2024/09/28, 16:44:35.189, 359501635729625, vstest.console.dll, TestPluginCache.GetExtensionPaths: Added unfilterableExtensionPaths: 
TpTrace Information: 0 : 79946, 1, 2024/09/28, 16:44:35.190, 359501635949875, vstest.console.dll, AssemblyResolver.ctor: Creating AssemblyResolver with searchDirectories /usr/local/share/dotnet/sdk/8.0.100/Extensions,/usr/local/share/dotnet/sdk/8.0.100
TpTrace Verbose: 0 : 79946, 1, 2024/09/28, 16:44:35.190, 359501636178916, vstest.console.dll, TestPluginCache.DiscoverTestExtensions: Discovering the extensions using extension path.
TpTrace Verbose: 0 : 79946, 1, 2024/09/28, 16:44:35.190, 359501636208666, vstest.console.dll, TestPluginCache.GetExtensionPaths: Filtered extension paths: 
TpTrace Verbose: 0 : 79946, 1, 2024/09/28, 16:44:35.190, 359501636219833, vstest.console.dll, TestPluginCache.GetExtensionPaths: Added default extension paths: /usr/local/share/dotnet/sdk/8.0.100/Extensions/Microsoft.VisualStudio.TestPlatform.Extensions.Trx.TestLogger.dll
/usr/local/share/dotnet/sdk/8.0.100/Extensions/Microsoft.Diagnostics.NETCore.Client.dll
/usr/local/share/dotnet/sdk/8.0.100/Extensions/Microsoft.TestPlatform.Extensions.BlameDataCollector.dll
/usr/local/share/dotnet/sdk/8.0.100/Extensions/Microsoft.TestPlatform.TestHostRuntimeProvider.dll
/usr/local/share/dotnet/sdk/8.0.100/Extensions/Microsoft.TestPlatform.Extensions.EventLogCollector.dll
/usr/local/share/dotnet/sdk/8.0.100/Extensions/Microsoft.VisualStudio.TestPlatform.Extensions.Html.TestLogger.dll
TpTrace Verbose: 0 : 79946, 1, 2024/09/28, 16:44:35.190, 359501636227291, vstest.console.dll, TestPluginCache.GetExtensionPaths: Added unfilterableExtensionPaths: 
TpTrace Verbose: 0 : 79946, 1, 2024/09/28, 16:44:35.190, 359501636242041, vstest.console.dll, TestPluginCache.DiscoverTestExtensions: Discovering the extensions using allExtensionPaths: /usr/local/share/dotnet/sdk/8.0.100/Extensions/Microsoft.VisualStudio.TestPlatform.Extensions.Trx.TestLogger.dll
/usr/local/share/dotnet/sdk/8.0.100/Extensions/Microsoft.Diagnostics.NETCore.Client.dll
/usr/local/share/dotnet/sdk/8.0.100/Extensions/Microsoft.TestPlatform.Extensions.BlameDataCollector.dll
/usr/local/share/dotnet/sdk/8.0.100/Extensions/Microsoft.TestPlatform.TestHostRuntimeProvider.dll
/usr/local/share/dotnet/sdk/8.0.100/Extensions/Microsoft.TestPlatform.Extensions.EventLogCollector.dll
/usr/local/share/dotnet/sdk/8.0.100/Extensions/Microsoft.VisualStudio.TestPlatform.Extensions.Html.TestLogger.dll
TpTrace Information: 0 : 79946, 1, 2024/09/28, 16:44:35.190, 359501636271250, vstest.console.dll, AssemblyResolver.AddSearchDirectories: Adding more searchDirectories /usr/local/share/dotnet/sdk/8.0.100/Extensions,/usr/local/share/dotnet/sdk/8.0.100
TpTrace Information: 0 : 79946, 1, 2024/09/28, 16:44:35.190, 359501636287083, vstest.console.dll, AssemblyResolver.AddSearchDirectories: Adding more searchDirectories /usr/local/share/dotnet/sdk/8.0.100/Extensions,/usr/local/share/dotnet/sdk/8.0.100
TpTrace Information: 0 : 79946, 1, 2024/09/28, 16:44:35.190, 359501636295416, vstest.console.dll, AssemblyResolver.AddSearchDirectories: Adding more searchDirectories /usr/local/share/dotnet/sdk/8.0.100/Extensions,/usr/local/share/dotnet/sdk/8.0.100
TpTrace Information: 0 : 79946, 1, 2024/09/28, 16:44:35.190, 359501636302791, vstest.console.dll, AssemblyResolver.AddSearchDirectories: Adding more searchDirectories /usr/local/share/dotnet/sdk/8.0.100/Extensions,/usr/local/share/dotnet/sdk/8.0.100
TpTrace Information: 0 : 79946, 1, 2024/09/28, 16:44:35.190, 359501636310291, vstest.console.dll, AssemblyResolver.AddSearchDirectories: Adding more searchDirectories /usr/local/share/dotnet/sdk/8.0.100/Extensions,/usr/local/share/dotnet/sdk/8.0.100
TpTrace Information: 0 : 79946, 1, 2024/09/28, 16:44:35.190, 359501636317416, vstest.console.dll, AssemblyResolver.AddSearchDirectories: Adding more searchDirectories /usr/local/share/dotnet/sdk/8.0.100/Extensions,/usr/local/share/dotnet/sdk/8.0.100
TpTrace Information: 0 : 79946, 1, 2024/09/28, 16:44:35.190, 359501636422875, vstest.console.dll, AssemblyResolver.OnResolve: Microsoft.VisualStudio.TestPlatform.Extensions.Trx.TestLogger: Resolving assembly.
TpTrace Information: 0 : 79946, 1, 2024/09/28, 16:44:35.190, 359501636454875, vstest.console.dll, AssemblyResolver.OnResolve: Microsoft.VisualStudio.TestPlatform.Extensions.Trx.TestLogger: Searching in: '/usr/local/share/dotnet/sdk/8.0.100/Extensions'.
TpTrace Information: 0 : 79946, 1, 2024/09/28, 16:44:35.193, 359501638842166, vstest.console.dll, AssemblyResolver.OnResolve: Microsoft.VisualStudio.TestPlatform.Extensions.Trx.TestLogger: Loading assembly '/usr/local/share/dotnet/sdk/8.0.100/Extensions/Microsoft.VisualStudio.TestPlatform.Extensions.Trx.TestLogger.dll'.
TpTrace Information: 0 : 79946, 1, 2024/09/28, 16:44:35.193, 359501639027000, vstest.console.dll, AssemblyResolver.OnResolve: Resolved assembly: Microsoft.VisualStudio.TestPlatform.Extensions.Trx.TestLogger, from path: /usr/local/share/dotnet/sdk/8.0.100/Extensions/Microsoft.VisualStudio.TestPlatform.Extensions.Trx.TestLogger.dll
TpTrace Verbose: 0 : 79946, 1, 2024/09/28, 16:44:35.193, 359501639329416, vstest.console.dll, MetadataReaderExtensionsHelper: Discovering extensions inside assembly 'Microsoft.VisualStudio.TestPlatform.Extensions.Trx.TestLogger, Version=15.0.0.0, Culture=neutral, PublicKeyToken=b03f5f7f11d50a3a' file path '/usr/local/share/dotnet/sdk/8.0.100/Extensions/Microsoft.VisualStudio.TestPlatform.Extensions.Trx.TestLogger.dll'
TpTrace Information: 0 : 79946, 1, 2024/09/28, 16:44:35.194, 359501639963625, vstest.console.dll, AssemblyResolver.OnResolve: Microsoft.Diagnostics.NETCore.Client: Resolving assembly.
TpTrace Information: 0 : 79946, 1, 2024/09/28, 16:44:35.194, 359501639986875, vstest.console.dll, AssemblyResolver.OnResolve: Microsoft.Diagnostics.NETCore.Client: Searching in: '/usr/local/share/dotnet/sdk/8.0.100/Extensions'.
TpTrace Information: 0 : 79946, 1, 2024/09/28, 16:44:35.194, 359501640051583, vstest.console.dll, AssemblyResolver.OnResolve: Microsoft.Diagnostics.NETCore.Client: Loading assembly '/usr/local/share/dotnet/sdk/8.0.100/Extensions/Microsoft.Diagnostics.NETCore.Client.dll'.
TpTrace Information: 0 : 79946, 1, 2024/09/28, 16:44:35.194, 359501640232333, vstest.console.dll, AssemblyResolver.OnResolve: Resolved assembly: Microsoft.Diagnostics.NETCore.Client, from path: /usr/local/share/dotnet/sdk/8.0.100/Extensions/Microsoft.Diagnostics.NETCore.Client.dll
TpTrace Verbose: 0 : 79946, 1, 2024/09/28, 16:44:35.194, 359501640248125, vstest.console.dll, MetadataReaderExtensionsHelper: Discovering extensions inside assembly 'Microsoft.Diagnostics.NETCore.Client, Version=0.2.8.21101, Culture=neutral, PublicKeyToken=31bf3856ad364e35' file path '/usr/local/share/dotnet/sdk/8.0.100/Extensions/Microsoft.Diagnostics.NETCore.Client.dll'
TpTrace Information: 0 : 79946, 1, 2024/09/28, 16:44:35.195, 359501641373791, vstest.console.dll, AssemblyResolver.OnResolve: Microsoft.Bcl.AsyncInterfaces: Resolving assembly.
TpTrace Information: 0 : 79946, 1, 2024/09/28, 16:44:35.195, 359501641390375, vstest.console.dll, AssemblyResolver.OnResolve: Microsoft.Bcl.AsyncInterfaces: Searching in: '/usr/local/share/dotnet/sdk/8.0.100/Extensions'.
TpTrace Information: 0 : 79946, 1, 2024/09/28, 16:44:35.195, 359501641400208, vstest.console.dll, AssemblyResolver.OnResolve: Microsoft.Bcl.AsyncInterfaces: Assembly path does not exist: '/usr/local/share/dotnet/sdk/8.0.100/Extensions/Microsoft.Bcl.AsyncInterfaces.dll', returning.
TpTrace Information: 0 : 79946, 1, 2024/09/28, 16:44:35.195, 359501641408833, vstest.console.dll, AssemblyResolver.OnResolve: Microsoft.Bcl.AsyncInterfaces: Assembly path does not exist: '/usr/local/share/dotnet/sdk/8.0.100/Extensions/Microsoft.Bcl.AsyncInterfaces.exe', returning.
TpTrace Information: 0 : 79946, 1, 2024/09/28, 16:44:35.195, 359501641417250, vstest.console.dll, AssemblyResolver.OnResolve: Microsoft.Bcl.AsyncInterfaces: Searching in: '/usr/local/share/dotnet/sdk/8.0.100'.
TpTrace Information: 0 : 79946, 1, 2024/09/28, 16:44:35.195, 359501641427125, vstest.console.dll, AssemblyResolver.OnResolve: Microsoft.Bcl.AsyncInterfaces: Assembly path does not exist: '/usr/local/share/dotnet/sdk/8.0.100/Microsoft.Bcl.AsyncInterfaces.dll', returning.
TpTrace Information: 0 : 79946, 1, 2024/09/28, 16:44:35.195, 359501641437083, vstest.console.dll, AssemblyResolver.OnResolve: Microsoft.Bcl.AsyncInterfaces: Assembly path does not exist: '/usr/local/share/dotnet/sdk/8.0.100/Microsoft.Bcl.AsyncInterfaces.exe', returning.
TpTrace Information: 0 : 79946, 1, 2024/09/28, 16:44:35.195, 359501641445041, vstest.console.dll, AssemblyResolver.OnResolve: Microsoft.Bcl.AsyncInterfaces: Failed to load assembly.
TpTrace Verbose: 0 : 79946, 1, 2024/09/28, 16:44:35.195, 359501641456791, vstest.console.dll, CurrentDomainAssemblyResolve: Resolving assembly 'Microsoft.Bcl.AsyncInterfaces'.
TpTrace Information: 0 : 79946, 1, 2024/09/28, 16:44:35.195, 359501641471875, vstest.console.dll, AssemblyResolver.OnResolve: Microsoft.Bcl.AsyncInterfaces: Resolving assembly.
TpTrace Information: 0 : 79946, 1, 2024/09/28, 16:44:35.195, 359501641481083, vstest.console.dll, AssemblyResolver.OnResolve: Microsoft.Bcl.AsyncInterfaces: Resolved from cache.
TpTrace Verbose: 0 : 79946, 1, 2024/09/28, 16:44:35.195, 359501641489208, vstest.console.dll, CurrentDomainAssemblyResolve: Resolving assembly 'Microsoft.Bcl.AsyncInterfaces'.
TpTrace Verbose: 0 : 79946, 1, 2024/09/28, 16:44:35.195, 359501641500916, vstest.console.dll, CurrentDomainAssemblyResolve: Failed to resolve assembly 'Microsoft.Bcl.AsyncInterfaces'.
TpTrace Verbose: 0 : 79946, 1, 2024/09/28, 16:44:35.195, 359501641636958, vstest.console.dll, CurrentDomainAssemblyResolve: Failed to resolve assembly 'Microsoft.Bcl.AsyncInterfaces'.
TpTrace Warning: 0 : 79946, 1, 2024/09/28, 16:44:35.199, 359501645634500, vstest.console.dll, TestPluginDiscoverer: Failed to get types from assembly 'Microsoft.Diagnostics.NETCore.Client, Version=0.2.8.21101, Culture=neutral, PublicKeyToken=31bf3856ad364e35'. Error: System.Reflection.ReflectionTypeLoadException: Unable to load one or more of the requested types.
Could not load file or assembly 'Microsoft.Bcl.AsyncInterfaces, Version=1.0.0.0, Culture=neutral, PublicKeyToken=cc7b13ffcd2ddd51'. The system cannot find the file specified.

   at System.Reflection.RuntimeModule.GetTypes(RuntimeModule module)
   at System.Reflection.RuntimeModule.GetTypes()
   at Microsoft.VisualStudio.TestPlatform.Common.ExtensionFramework.TestPluginDiscoverer.GetTestExtensionsFromAssembly[TPluginInfo,TExtension](Assembly assembly, Dictionary`2 pluginInfos, String filePath) in /_/src/Microsoft.TestPlatform.Common/ExtensionFramework/TestPluginDiscoverer.cs:line 158
System.IO.FileNotFoundException: Could not load file or assembly 'Microsoft.Bcl.AsyncInterfaces, Version=1.0.0.0, Culture=neutral, PublicKeyToken=cc7b13ffcd2ddd51'. The system cannot find the file specified.

File name: 'Microsoft.Bcl.AsyncInterfaces, Version=1.0.0.0, Culture=neutral, PublicKeyToken=cc7b13ffcd2ddd51'
 ---> System.IO.FileNotFoundException: Could not load file or assembly 'Microsoft.Bcl.AsyncInterfaces, Culture=neutral, PublicKeyToken=null'. The system cannot find the file specified.

File name: 'Microsoft.Bcl.AsyncInterfaces, Culture=neutral, PublicKeyToken=null'
   at System.Reflection.RuntimeAssembly.InternalLoad(AssemblyName assemblyName, StackCrawlMark& stackMark, AssemblyLoadContext assemblyLoadContext, RuntimeAssembly requestingAssembly, Boolean throwOnFileNotFound)
   at System.Reflection.Assembly.Load(AssemblyName assemblyRef)
   at Microsoft.VisualStudio.TestPlatform.Common.ExtensionFramework.TestPluginCache.CurrentDomainAssemblyResolve(Object sender, AssemblyResolveEventArgs args) in /_/src/Microsoft.TestPlatform.Common/ExtensionFramework/TestPluginCache.cs:line 513
   at System.Runtime.Loader.AssemblyLoadContext.GetFirstResolvedAssemblyFromResolvingEvent(AssemblyName assemblyName)
   at System.Runtime.Loader.AssemblyLoadContext.ResolveUsingEvent(AssemblyName assemblyName)
   at System.Runtime.Loader.AssemblyLoadContext.ResolveUsingResolvingEvent(IntPtr gchManagedAssemblyLoadContext, AssemblyName assemblyName)
TpTrace Warning: 0 : 79946, 1, 2024/09/28, 16:44:35.200, 359501645755708, vstest.console.dll, LoaderExceptions: System.IO.FileNotFoundException: Could not load file or assembly 'Microsoft.Bcl.AsyncInterfaces, Version=1.0.0.0, Culture=neutral, PublicKeyToken=cc7b13ffcd2ddd51'. The system cannot find the file specified.

File name: 'Microsoft.Bcl.AsyncInterfaces, Version=1.0.0.0, Culture=neutral, PublicKeyToken=cc7b13ffcd2ddd51'
 ---> System.IO.FileNotFoundException: Could not load file or assembly 'Microsoft.Bcl.AsyncInterfaces, Culture=neutral, PublicKeyToken=null'. The system cannot find the file specified.

File name: 'Microsoft.Bcl.AsyncInterfaces, Culture=neutral, PublicKeyToken=null'
   at System.Reflection.RuntimeAssembly.InternalLoad(AssemblyName assemblyName, StackCrawlMark& stackMark, AssemblyLoadContext assemblyLoadContext, RuntimeAssembly requestingAssembly, Boolean throwOnFileNotFound)
   at System.Reflection.Assembly.Load(AssemblyName assemblyRef)
   at Microsoft.VisualStudio.TestPlatform.Common.ExtensionFramework.TestPluginCache.CurrentDomainAssemblyResolve(Object sender, AssemblyResolveEventArgs args) in /_/src/Microsoft.TestPlatform.Common/ExtensionFramework/TestPluginCache.cs:line 513
   at System.Runtime.Loader.AssemblyLoadContext.GetFirstResolvedAssemblyFromResolvingEvent(AssemblyName assemblyName)
   at System.Runtime.Loader.AssemblyLoadContext.ResolveUsingEvent(AssemblyName assemblyName)
   at System.Runtime.Loader.AssemblyLoadContext.ResolveUsingResolvingEvent(IntPtr gchManagedAssemblyLoadContext, AssemblyName assemblyName)
TpTrace Information: 0 : 79946, 1, 2024/09/28, 16:44:35.200, 359501645795791, vstest.console.dll, AssemblyResolver.OnResolve: Microsoft.TestPlatform.Extensions.BlameDataCollector: Resolving assembly.
TpTrace Information: 0 : 79946, 1, 2024/09/28, 16:44:35.200, 359501645809333, vstest.console.dll, AssemblyResolver.OnResolve: Microsoft.TestPlatform.Extensions.BlameDataCollector: Searching in: '/usr/local/share/dotnet/sdk/8.0.100/Extensions'.
TpTrace Information: 0 : 79946, 1, 2024/09/28, 16:44:35.200, 359501645883958, vstest.console.dll, AssemblyResolver.OnResolve: Microsoft.TestPlatform.Extensions.BlameDataCollector: Loading assembly '/usr/local/share/dotnet/sdk/8.0.100/Extensions/Microsoft.TestPlatform.Extensions.BlameDataCollector.dll'.
TpTrace Information: 0 : 79946, 1, 2024/09/28, 16:44:35.200, 359501646067666, vstest.console.dll, AssemblyResolver.OnResolve: Resolved assembly: Microsoft.TestPlatform.Extensions.BlameDataCollector, from path: /usr/local/share/dotnet/sdk/8.0.100/Extensions/Microsoft.TestPlatform.Extensions.BlameDataCollector.dll
TpTrace Verbose: 0 : 79946, 1, 2024/09/28, 16:44:35.200, 359501646097083, vstest.console.dll, MetadataReaderExtensionsHelper: Discovering extensions inside assembly 'Microsoft.TestPlatform.Extensions.BlameDataCollector, Version=15.0.0.0, Culture=neutral, PublicKeyToken=b03f5f7f11d50a3a' file path '/usr/local/share/dotnet/sdk/8.0.100/Extensions/Microsoft.TestPlatform.Extensions.BlameDataCollector.dll'
TpTrace Information: 0 : 79946, 1, 2024/09/28, 16:44:35.200, 359501646476791, vstest.console.dll, AssemblyResolver.OnResolve: Microsoft.TestPlatform.TestHostRuntimeProvider: Resolving assembly.
TpTrace Information: 0 : 79946, 1, 2024/09/28, 16:44:35.200, 359501646502208, vstest.console.dll, AssemblyResolver.OnResolve: Microsoft.TestPlatform.TestHostRuntimeProvider: Searching in: '/usr/local/share/dotnet/sdk/8.0.100/Extensions'.
TpTrace Information: 0 : 79946, 1, 2024/09/28, 16:44:35.200, 359501646576166, vstest.console.dll, AssemblyResolver.OnResolve: Microsoft.TestPlatform.TestHostRuntimeProvider: Loading assembly '/usr/local/share/dotnet/sdk/8.0.100/Extensions/Microsoft.TestPlatform.TestHostRuntimeProvider.dll'.
TpTrace Information: 0 : 79946, 1, 2024/09/28, 16:44:35.200, 359501646718458, vstest.console.dll, AssemblyResolver.OnResolve: Resolved assembly: Microsoft.TestPlatform.TestHostRuntimeProvider, from path: /usr/local/share/dotnet/sdk/8.0.100/Extensions/Microsoft.TestPlatform.TestHostRuntimeProvider.dll
TpTrace Verbose: 0 : 79946, 1, 2024/09/28, 16:44:35.201, 359501646736250, vstest.console.dll, MetadataReaderExtensionsHelper: Discovering extensions inside assembly 'Microsoft.TestPlatform.TestHostRuntimeProvider, Version=15.0.0.0, Culture=neutral, PublicKeyToken=b03f5f7f11d50a3a' file path '/usr/local/share/dotnet/sdk/8.0.100/Extensions/Microsoft.TestPlatform.TestHostRuntimeProvider.dll'
TpTrace Information: 0 : 79946, 1, 2024/09/28, 16:44:35.201, 359501647308500, vstest.console.dll, GetTestExtensionFromType: Register extension with identifier data 'HostProvider://DefaultTestHost' and type 'Microsoft.VisualStudio.TestPlatform.CrossPlatEngine.Hosting.DefaultTestHostManager, Microsoft.TestPlatform.TestHostRuntimeProvider, Version=15.0.0.0, Culture=neutral, PublicKeyToken=b03f5f7f11d50a3a' inside file '/usr/local/share/dotnet/sdk/8.0.100/Extensions/Microsoft.TestPlatform.TestHostRuntimeProvider.dll'
TpTrace Information: 0 : 79946, 1, 2024/09/28, 16:44:35.201, 359501647457791, vstest.console.dll, GetTestExtensionFromType: Register extension with identifier data 'HostProvider://DotnetTestHost' and type 'Microsoft.VisualStudio.TestPlatform.CrossPlatEngine.Hosting.DotnetTestHostManager, Microsoft.TestPlatform.TestHostRuntimeProvider, Version=15.0.0.0, Culture=neutral, PublicKeyToken=b03f5f7f11d50a3a' inside file '/usr/local/share/dotnet/sdk/8.0.100/Extensions/Microsoft.TestPlatform.TestHostRuntimeProvider.dll'
TpTrace Information: 0 : 79946, 1, 2024/09/28, 16:44:35.201, 359501647499833, vstest.console.dll, AssemblyResolver.OnResolve: Microsoft.TestPlatform.Extensions.EventLogCollector: Resolving assembly.
TpTrace Information: 0 : 79946, 1, 2024/09/28, 16:44:35.201, 359501647519416, vstest.console.dll, AssemblyResolver.OnResolve: Microsoft.TestPlatform.Extensions.EventLogCollector: Searching in: '/usr/local/share/dotnet/sdk/8.0.100/Extensions'.
TpTrace Information: 0 : 79946, 1, 2024/09/28, 16:44:35.201, 359501647600000, vstest.console.dll, AssemblyResolver.OnResolve: Microsoft.TestPlatform.Extensions.EventLogCollector: Loading assembly '/usr/local/share/dotnet/sdk/8.0.100/Extensions/Microsoft.TestPlatform.Extensions.EventLogCollector.dll'.
TpTrace Information: 0 : 79946, 1, 2024/09/28, 16:44:35.201, 359501647688250, vstest.console.dll, AssemblyResolver.OnResolve: Resolved assembly: Microsoft.TestPlatform.Extensions.EventLogCollector, from path: /usr/local/share/dotnet/sdk/8.0.100/Extensions/Microsoft.TestPlatform.Extensions.EventLogCollector.dll
TpTrace Verbose: 0 : 79946, 1, 2024/09/28, 16:44:35.201, 359501647707791, vstest.console.dll, MetadataReaderExtensionsHelper: Discovering extensions inside assembly 'Microsoft.TestPlatform.Extensions.EventLogCollector, Version=15.0.0.0, Culture=neutral, PublicKeyToken=b03f5f7f11d50a3a' file path '/usr/local/share/dotnet/sdk/8.0.100/Extensions/Microsoft.TestPlatform.Extensions.EventLogCollector.dll'
TpTrace Information: 0 : 79946, 1, 2024/09/28, 16:44:35.202, 359501648278416, vstest.console.dll, AssemblyResolver.OnResolve: Microsoft.VisualStudio.TestPlatform.Extensions.Html.TestLogger: Resolving assembly.
TpTrace Information: 0 : 79946, 1, 2024/09/28, 16:44:35.202, 359501648291166, vstest.console.dll, AssemblyResolver.OnResolve: Microsoft.VisualStudio.TestPlatform.Extensions.Html.TestLogger: Searching in: '/usr/local/share/dotnet/sdk/8.0.100/Extensions'.
TpTrace Information: 0 : 79946, 1, 2024/09/28, 16:44:35.202, 359501648350666, vstest.console.dll, AssemblyResolver.OnResolve: Microsoft.VisualStudio.TestPlatform.Extensions.Html.TestLogger: Loading assembly '/usr/local/share/dotnet/sdk/8.0.100/Extensions/Microsoft.VisualStudio.TestPlatform.Extensions.Html.TestLogger.dll'.
TpTrace Information: 0 : 79946, 1, 2024/09/28, 16:44:35.202, 359501648454250, vstest.console.dll, AssemblyResolver.OnResolve: Resolved assembly: Microsoft.VisualStudio.TestPlatform.Extensions.Html.TestLogger, from path: /usr/local/share/dotnet/sdk/8.0.100/Extensions/Microsoft.VisualStudio.TestPlatform.Extensions.Html.TestLogger.dll
TpTrace Verbose: 0 : 79946, 1, 2024/09/28, 16:44:35.202, 359501648467916, vstest.console.dll, MetadataReaderExtensionsHelper: Discovering extensions inside assembly 'Microsoft.VisualStudio.TestPlatform.Extensions.Html.TestLogger, Version=15.0.0.0, Culture=neutral, PublicKeyToken=b03f5f7f11d50a3a' file path '/usr/local/share/dotnet/sdk/8.0.100/Extensions/Microsoft.VisualStudio.TestPlatform.Extensions.Html.TestLogger.dll'
TpTrace Verbose: 0 : 79946, 1, 2024/09/28, 16:44:35.203, 359501648754375, vstest.console.dll, TestPluginCache: Discovered the extensions using extension path ''.
TpTrace Verbose: 0 : 79946, 1, 2024/09/28, 16:44:35.203, 359501648777208, vstest.console.dll, TestPluginCache: Discoverers are ''.
TpTrace Verbose: 0 : 79946, 1, 2024/09/28, 16:44:35.203, 359501648786083, vstest.console.dll, TestPluginCache: Executors are ''.
TpTrace Verbose: 0 : 79946, 1, 2024/09/28, 16:44:35.203, 359501648793583, vstest.console.dll, TestPluginCache: Executors2 are ''.
TpTrace Verbose: 0 : 79946, 1, 2024/09/28, 16:44:35.203, 359501648803166, vstest.console.dll, TestPluginCache: Setting providers are ''.
TpTrace Verbose: 0 : 79946, 1, 2024/09/28, 16:44:35.203, 359501648810083, vstest.console.dll, TestPluginCache: Loggers are ''.
TpTrace Verbose: 0 : 79946, 1, 2024/09/28, 16:44:35.203, 359501648851250, vstest.console.dll, TestPluginCache: TestHosts are 'HostProvider://DefaultTestHost,HostProvider://DotnetTestHost'.
TpTrace Verbose: 0 : 79946, 1, 2024/09/28, 16:44:35.203, 359501648857875, vstest.console.dll, TestPluginCache: DataCollectors are ''.
